[2023-08-18 09:07:42.430766] [0x000000010b5ac600] [info]  anysign for pc start
[2023-08-18 09:07:42.431002] [0x000000010b5ac600] [info]  privilege infomation : sebokoh
[2023-08-18 09:07:42.590257] [0x000000010b5ac600] [info]  anysign.no_tls_webcrypto_server : no tls / webcrypto socket
[2023-08-18 09:07:42.591378] [0x000000010b5ac600] [info]  dynamic assign no tls port : 55001
[2023-08-18 09:07:42.591665] [0x000000010b5ac600] [info]  anysign.tls_server : tls socket
[2023-08-18 09:07:42.600174] [0x000000010b5ac600] [info]  dynamic assign tls port : 55002
[2023-08-18 09:07:42.951249] [0x0000700007843000] [info]  error getting remote endpoint: system:22 (Invalid argument)
[2023-08-18 09:07:42.951213] [0x0000700007843000] [info]  handle_accept. remote info : unknown
[2023-08-18 09:07:42.951494] [0x000070000773d000] [info]  error getting remote endpoint: system:22 (Invalid argument)
[2023-08-18 09:07:42.951489] [0x0000700007843000] [info]  websocket handshake complete measurement point
[2023-08-18 09:07:42.951464] [0x000070000773d000] [info]  handle_accept. remote info : unknown
[2023-08-18 09:07:42.951675] [0x000070000773d000] [info]  websocket handshake complete measurement point
[2023-08-18 09:07:42.951921] [0x000070000773d000] [error]  websocket.connection.handle_read_handshake error : 00000006, message : pass through from socket policy
[2023-08-18 09:07:42.952038] [0x000070000773d000] [info]  anysign.base_server.handle_fail
[2023-08-18 09:07:42.952159] [0x000070000773d000] [info]  websocket handshake complete elapsed time : 0 ms
[2023-08-18 09:07:42.954728] [0x000070000773d000] [info]  handle_accept. remote info : 127.0.0.1:58938
[2023-08-18 09:07:42.954900] [0x000070000773d000] [info]  websocket handshake complete measurement point
[2023-08-18 09:07:42.955343] [0x000070000773d000] [info]  websocket handshake complete elapsed time : 0 ms
[2023-08-18 09:07:42.955449] [0x000070000773d000] [info]  anysign.base_server native origin : www.iros.go.kr
[2023-08-18 09:07:42.955490] [0x000070000773d000] [info]  anysign.base_server.handle_open index : 1, remote info : 127.0.0.1:58938
[2023-08-18 09:07:42.958336] [0x000070000773d000] [info]  websocket.connection.handle_read_frame complete recv frame data. opcode : 00000001
[2023-08-18 09:07:43.223749] [0x000070000773d000] [info]  websocket.connection.handle_read_frame complete recv frame data. opcode : 00000001
[2023-08-18 09:07:43.223941] [0x000070000773d000] [info]  native_private_decrypt measurement point
[2023-08-18 09:07:43.226521] [0x000070000773d000] [info]  native_private_decrypt ret : 00000000, elapsed time : 2 ms
[2023-08-18 09:07:43.248579] [0x000070000773d000] [info]  websocket.connection.handle_read_frame complete recv frame data. opcode : 00000001
[2023-08-18 09:07:43.249662] [0x000070000773d000] [info]  native_decrypt_base64 measurement point
[2023-08-18 09:07:43.250381] [0x000070000773d000] [info]  native_decrypt_base64 ret : 00000000, elapsed time : 0 ms
[2023-08-18 09:07:43.250440] [0x000070000773d000] [info]  anysign.base_server.jsonp_handle_input index : 1, data length : 9658
[2023-08-18 09:07:43.250890] [0x000070000773d000] [info]  anysign.base_server.native_create_by_websession native create (session:www.iros.go.kr,id:2,ref:1)
[2023-08-18 09:07:43.250933] [0x000070000773d000] [info]  native_check_version measurement point
[2023-08-18 09:07:43.250959] [0x000070000773d000] [info]  native_check_version ret : 00000000, elapsed time : 0 ms
[2023-08-18 09:07:43.250992] [0x000070000773d000] [info]  native_put_license_n measurement point
[2023-08-18 09:07:43.254300] [0x000070000773d000] [info]  native_put_license_n ret : 00000000, elapsed time : 3 ms
[2023-08-18 09:07:43.254374] [0x000070000773d000] [info]  native_put_license2_n measurement point
[2023-08-18 09:07:43.258774] [0x000070000773d000] [info]  native_put_license2_n ret : 00000000, elapsed time : 4 ms
[2023-08-18 09:07:43.258860] [0x000070000773d000] [info]  native_put_storage_n measurement point
[2023-08-18 09:07:43.258902] [0x000070000773d000] [info]  native_put_storage_n ret : 00000000, elapsed time : 0 ms
[2023-08-18 09:07:43.258935] [0x000070000773d000] [info]  native_put_language_n measurement point
[2023-08-18 09:07:43.259482] [0x000070000773d000] [info]  native_put_language_n ret : 00000000, elapsed time : 0 ms
[2023-08-18 09:07:43.259535] [0x000070000773d000] [info]  native_put_char_set_n measurement point
[2023-08-18 09:07:43.259567] [0x000070000773d000] [info]  native_put_char_set_n ret : 00000000, elapsed time : 0 ms
[2023-08-18 09:07:43.259598] [0x000070000773d000] [info]  native_put_proxy_usage_n measurement point
[2023-08-18 09:07:43.259624] [0x000070000773d000] [info]  native_put_proxy_usage_n ret : 00000000, elapsed time : 0 ms
[2023-08-18 09:07:43.259649] [0x000070000773d000] [info]  native_put_transkey_n measurement point
[2023-08-18 09:07:43.259674] [0x000070000773d000] [info]  native_put_transkey_n ret : 00000000, elapsed time : 0 ms
[2023-08-18 09:07:43.259741] [0x000070000773d000] [info]  native_encrypt_base64 measurement point
[2023-08-18 09:07:43.259799] [0x000070000773d000] [info]  native_encrypt_base64 ret : 00000000, elapsed time : 0 ms
[2023-08-18 09:07:43.335185] [0x000070000773d000] [info]  websocket.connection.handle_read_frame complete recv frame data. opcode : 00000008
[2023-08-18 09:07:43.341904] [0x000070000773d000] [info]  anysign.base_server.handle_close. session id : 2, session ref : 0
[2023-08-18 09:07:43.343014] [0x000070000773d000] [info]  native delete measurement point
[2023-08-18 09:07:43.343145] [0x000070000773d000] [info]  native delete elapsed time : 0 ms
[2023-08-18 09:07:43.343316] [0x000070000773d000] [info]  anysign.base_server.handle_close. index : 1, remote info : 127.0.0.1:58938
[2023-08-18 09:07:44.484136] [0x000070000773d000] [info]  handle_accept. remote info : 127.0.0.1:58951
[2023-08-18 09:07:44.484278] [0x000070000773d000] [info]  websocket handshake complete measurement point
[2023-08-18 09:07:44.488824] [0x000070000773d000] [info]  websocket handshake complete elapsed time : 4 ms
[2023-08-18 09:07:44.489081] [0x000070000773d000] [info]  anysign.base_server native origin : www.iros.go.kr
[2023-08-18 09:07:44.489139] [0x000070000773d000] [info]  anysign.base_server.handle_open index : 1, remote info : 127.0.0.1:58951
[2023-08-18 09:07:44.504003] [0x000070000773d000] [info]  websocket.connection.handle_read_frame complete recv frame data. opcode : 00000001
[2023-08-18 09:07:45.015921] [0x000070000773d000] [info]  websocket.connection.handle_read_frame complete recv frame data. opcode : 00000001
[2023-08-18 09:07:45.016896] [0x000070000773d000] [info]  native_private_decrypt measurement point
[2023-08-18 09:07:45.025549] [0x000070000773d000] [info]  native_private_decrypt ret : 00000000, elapsed time : 8 ms
[2023-08-18 09:07:45.081817] [0x000070000773d000] [info]  websocket.connection.handle_read_frame complete recv frame data. opcode : 00000001
[2023-08-18 09:07:45.083753] [0x000070000773d000] [info]  native_decrypt_base64 measurement point
[2023-08-18 09:07:45.085014] [0x000070000773d000] [info]  native_decrypt_base64 ret : 00000000, elapsed time : 1 ms
[2023-08-18 09:07:45.085116] [0x000070000773d000] [info]  anysign.base_server.jsonp_handle_input index : 1, data length : 9658
[2023-08-18 09:07:45.085934] [0x000070000773d000] [info]  anysign.base_server.native_create_by_websession native create (session:www.iros.go.kr,id:2,ref:1)
[2023-08-18 09:07:45.086039] [0x000070000773d000] [info]  native_check_version measurement point
[2023-08-18 09:07:45.086088] [0x000070000773d000] [info]  native_check_version ret : 00000000, elapsed time : 0 ms
[2023-08-18 09:07:45.086173] [0x000070000773d000] [info]  native_put_license_n measurement point
[2023-08-18 09:07:45.113297] [0x000070000773d000] [info]  native_put_license_n ret : 00000000, elapsed time : 27 ms
[2023-08-18 09:07:45.113404] [0x000070000773d000] [info]  native_put_license2_n measurement point
[2023-08-18 09:07:45.134090] [0x000070000773d000] [info]  native_put_license2_n ret : 00000000, elapsed time : 20 ms
[2023-08-18 09:07:45.134195] [0x000070000773d000] [info]  native_put_storage_n measurement point
[2023-08-18 09:07:45.134270] [0x000070000773d000] [info]  native_put_storage_n ret : 00000000, elapsed time : 0 ms
[2023-08-18 09:07:45.134348] [0x000070000773d000] [info]  native_put_language_n measurement point
[2023-08-18 09:07:45.145492] [0x000070000773d000] [info]  native_put_language_n ret : 00000000, elapsed time : 11 ms
[2023-08-18 09:07:45.146028] [0x000070000773d000] [info]  native_put_char_set_n measurement point
[2023-08-18 09:07:45.146303] [0x000070000773d000] [info]  native_put_char_set_n ret : 00000000, elapsed time : 0 ms
[2023-08-18 09:07:45.146391] [0x000070000773d000] [info]  native_put_proxy_usage_n measurement point
[2023-08-18 09:07:45.146526] [0x000070000773d000] [info]  native_put_proxy_usage_n ret : 00000000, elapsed time : 0 ms
[2023-08-18 09:07:45.146583] [0x000070000773d000] [info]  native_put_transkey_n measurement point
[2023-08-18 09:07:45.146635] [0x000070000773d000] [info]  native_put_transkey_n ret : 00000000, elapsed time : 0 ms
[2023-08-18 09:07:45.146742] [0x000070000773d000] [info]  native_encrypt_base64 measurement point
[2023-08-18 09:07:45.146835] [0x000070000773d000] [info]  native_encrypt_base64 ret : 00000000, elapsed time : 0 ms
[2023-08-18 09:07:47.952168] [0x0000700007843000] [info]  transport.connection.handle_init_timeout
[2023-08-18 09:07:47.952366] [0x0000700007843000] [fatal]  websocket.connection.handle_transport_init error : 00000008, message : tls handshake failed
[2023-08-18 09:07:47.952492] [0x0000700007843000] [info]  anysign.base_server.handle_fail
[2023-08-18 09:07:47.952888] [0x0000700007843000] [info]  websocket handshake complete elapsed time : 5001 ms
[2023-08-18 09:07:48.749100] [0x000070000773d000] [info]  websocket.connection.handle_read_frame complete recv frame data. opcode : 00000008
[2023-08-18 09:07:48.749754] [0x000070000773d000] [info]  anysign.base_server.handle_close. session id : 2, session ref : 0
[2023-08-18 09:07:48.750060] [0x000070000773d000] [info]  native delete measurement point
[2023-08-18 09:07:48.750381] [0x000070000773d000] [info]  native delete elapsed time : 0 ms
[2023-08-18 09:07:48.750450] [0x000070000773d000] [info]  anysign.base_server.handle_close. index : 1, remote info : 127.0.0.1:58951
[2023-08-18 09:08:07.481526] [0x000070000773d000] [info]  handle_accept. remote info : 127.0.0.1:58959
[2023-08-18 09:08:07.481679] [0x000070000773d000] [info]  websocket handshake complete measurement point
[2023-08-18 09:08:07.482208] [0x000070000773d000] [info]  websocket handshake complete elapsed time : 0 ms
[2023-08-18 09:08:07.482323] [0x000070000773d000] [info]  anysign.base_server native origin : www.iros.go.kr
[2023-08-18 09:08:07.482366] [0x000070000773d000] [info]  anysign.base_server.handle_open index : 1, remote info : 127.0.0.1:58959
[2023-08-18 09:08:07.483829] [0x000070000773d000] [info]  websocket.connection.handle_read_frame complete recv frame data. opcode : 00000001
[2023-08-18 09:08:07.778211] [0x000070000773d000] [info]  websocket.connection.handle_read_frame complete recv frame data. opcode : 00000001
[2023-08-18 09:08:07.778393] [0x000070000773d000] [info]  native_private_decrypt measurement point
[2023-08-18 09:08:07.787246] [0x000070000773d000] [info]  native_private_decrypt ret : 00000000, elapsed time : 8 ms
[2023-08-18 09:08:07.818379] [0x000070000773d000] [info]  websocket.connection.handle_read_frame complete recv frame data. opcode : 00000001
[2023-08-18 09:08:07.818930] [0x000070000773d000] [info]  native_decrypt_base64 measurement point
[2023-08-18 09:08:07.819400] [0x000070000773d000] [info]  native_decrypt_base64 ret : 00000000, elapsed time : 0 ms
[2023-08-18 09:08:07.819433] [0x000070000773d000] [info]  anysign.base_server.jsonp_handle_input index : 1, data length : 9658
[2023-08-18 09:08:07.819813] [0x000070000773d000] [info]  anysign.base_server.native_create_by_websession native create (session:www.iros.go.kr,id:2,ref:1)
[2023-08-18 09:08:07.819842] [0x000070000773d000] [info]  native_check_version measurement point
[2023-08-18 09:08:07.819861] [0x000070000773d000] [info]  native_check_version ret : 00000000, elapsed time : 0 ms
[2023-08-18 09:08:07.819910] [0x000070000773d000] [info]  native_put_license_n measurement point
[2023-08-18 09:08:07.826104] [0x000070000773d000] [info]  native_put_license_n ret : 00000000, elapsed time : 6 ms
[2023-08-18 09:08:07.826181] [0x000070000773d000] [info]  native_put_license2_n measurement point
[2023-08-18 09:08:07.830611] [0x000070000773d000] [info]  native_put_license2_n ret : 00000000, elapsed time : 4 ms
[2023-08-18 09:08:07.830677] [0x000070000773d000] [info]  native_put_storage_n measurement point
[2023-08-18 09:08:07.830709] [0x000070000773d000] [info]  native_put_storage_n ret : 00000000, elapsed time : 0 ms
[2023-08-18 09:08:07.830735] [0x000070000773d000] [info]  native_put_language_n measurement point
[2023-08-18 09:08:07.831411] [0x000070000773d000] [info]  native_put_language_n ret : 00000000, elapsed time : 0 ms
[2023-08-18 09:08:07.831457] [0x000070000773d000] [info]  native_put_char_set_n measurement point
[2023-08-18 09:08:07.831487] [0x000070000773d000] [info]  native_put_char_set_n ret : 00000000, elapsed time : 0 ms
[2023-08-18 09:08:07.831512] [0x000070000773d000] [info]  native_put_proxy_usage_n measurement point
[2023-08-18 09:08:07.831538] [0x000070000773d000] [info]  native_put_proxy_usage_n ret : 00000000, elapsed time : 0 ms
[2023-08-18 09:08:07.831561] [0x000070000773d000] [info]  native_put_transkey_n measurement point
[2023-08-18 09:08:07.831584] [0x000070000773d000] [info]  native_put_transkey_n ret : 00000000, elapsed time : 0 ms
[2023-08-18 09:08:07.831643] [0x000070000773d000] [info]  native_encrypt_base64 measurement point
[2023-08-18 09:08:07.831694] [0x000070000773d000] [info]  native_encrypt_base64 ret : 00000000, elapsed time : 0 ms
[2023-08-18 09:08:26.071827] [0x000070000773d000] [info]  handle_accept. remote info : 127.0.0.1:58975
[2023-08-18 09:08:26.071960] [0x000070000773d000] [info]  websocket handshake complete measurement point
[2023-08-18 09:08:26.074347] [0x000070000773d000] [info]  websocket handshake complete elapsed time : 2 ms
[2023-08-18 09:08:26.074485] [0x000070000773d000] [info]  anysign.base_server native origin : www.iros.go.kr
[2023-08-18 09:08:26.074526] [0x000070000773d000] [info]  anysign.base_server.handle_open index : 2, remote info : 127.0.0.1:58975
[2023-08-18 09:08:26.074644] [0x000070000773d000] [info]  websocket.connection.handle_read_frame complete recv frame data. opcode : 00000001
[2023-08-18 09:08:26.420254] [0x000070000773d000] [info]  websocket.connection.handle_read_frame complete recv frame data. opcode : 00000001
[2023-08-18 09:08:26.420499] [0x000070000773d000] [info]  native_private_decrypt measurement point
[2023-08-18 09:08:26.423798] [0x000070000773d000] [info]  native_private_decrypt ret : 00000000, elapsed time : 3 ms
[2023-08-18 09:08:26.446139] [0x000070000773d000] [info]  websocket.connection.handle_read_frame complete recv frame data. opcode : 00000001
[2023-08-18 09:08:26.446789] [0x000070000773d000] [info]  native_decrypt_base64 measurement point
[2023-08-18 09:08:26.447311] [0x000070000773d000] [info]  native_decrypt_base64 ret : 00000000, elapsed time : 0 ms
[2023-08-18 09:08:26.447352] [0x000070000773d000] [info]  anysign.base_server.jsonp_handle_input index : 2, data length : 9658
[2023-08-18 09:08:26.447764] [0x000070000773d000] [info]  anysign.base_server.native_create_by_websession native create (session:www.iros.go.kr,id:2,ref:2)
[2023-08-18 09:08:26.447799] [0x000070000773d000] [info]  native_check_version measurement point
[2023-08-18 09:08:26.447825] [0x000070000773d000] [info]  native_check_version ret : 00000000, elapsed time : 0 ms
[2023-08-18 09:08:26.447870] [0x000070000773d000] [info]  native_put_license_n measurement point
[2023-08-18 09:08:26.453637] [0x000070000773d000] [info]  native_put_license_n ret : 00000000, elapsed time : 5 ms
[2023-08-18 09:08:26.453766] [0x000070000773d000] [info]  native_put_license2_n measurement point
[2023-08-18 09:08:26.461214] [0x000070000773d000] [info]  native_put_license2_n ret : 00000000, elapsed time : 7 ms
[2023-08-18 09:08:26.461331] [0x000070000773d000] [info]  native_put_storage_n measurement point
[2023-08-18 09:08:26.461424] [0x000070000773d000] [info]  native_put_storage_n ret : 00000000, elapsed time : 0 ms
[2023-08-18 09:08:26.461464] [0x000070000773d000] [info]  native_put_language_n measurement point
[2023-08-18 09:08:26.462344] [0x000070000773d000] [info]  native_put_language_n ret : 00000000, elapsed time : 0 ms
[2023-08-18 09:08:26.462422] [0x000070000773d000] [info]  native_put_char_set_n measurement point
[2023-08-18 09:08:26.462466] [0x000070000773d000] [info]  native_put_char_set_n ret : 00000000, elapsed time : 0 ms
[2023-08-18 09:08:26.462502] [0x000070000773d000] [info]  native_put_proxy_usage_n measurement point
[2023-08-18 09:08:26.462538] [0x000070000773d000] [info]  native_put_proxy_usage_n ret : 00000000, elapsed time : 0 ms
[2023-08-18 09:08:26.462573] [0x000070000773d000] [info]  native_put_transkey_n measurement point
[2023-08-18 09:08:26.462608] [0x000070000773d000] [info]  native_put_transkey_n ret : 00000000, elapsed time : 0 ms
[2023-08-18 09:08:26.462696] [0x000070000773d000] [info]  native_encrypt_base64 measurement point
[2023-08-18 09:08:26.462772] [0x000070000773d000] [info]  native_encrypt_base64 ret : 00000000, elapsed time : 0 ms
[2023-08-18 09:08:53.036442] [0x000070000773d000] [info]  websocket.connection.handle_read_frame complete recv frame data. opcode : 00000008
[2023-08-18 09:08:53.045965] [0x000070000773d000] [info]  anysign.base_server.handle_close. session id : 2, session ref : 1
[2023-08-18 09:08:53.103571] [0x000070000773d000] [info]  native delete measurement point
[2023-08-18 09:08:53.116522] [0x000070000773d000] [info]  native delete elapsed time : 12 ms
[2023-08-18 09:08:53.116641] [0x000070000773d000] [info]  anysign.base_server.handle_close. index : 2, remote info : 127.0.0.1:58975
[2023-08-18 09:09:07.483600] [0x000070000773d000] [info]  websocket.connection.handle_read_frame complete recv frame data. opcode : 00000010
[2023-08-18 09:09:42.591112] [0x000070000773d000] [info]  ------------ no tls connection -----------
[2023-08-18 09:09:42.591280] [0x000070000773d000] [info]  index : 1, remote : 127.0.0.1:58959
[2023-08-18 09:09:42.591335] [0x000070000773d000] [info]  ------------------------------------------
[2023-08-18 09:10:07.484816] [0x000070000773d000] [info]  websocket.connection.handle_read_frame complete recv frame data. opcode : 00000010
[2023-08-18 09:11:07.489302] [0x000070000773d000] [info]  websocket.connection.handle_read_frame complete recv frame data. opcode : 00000010
[2023-08-18 09:11:42.592180] [0x000070000773d000] [info]  ------------ no tls connection -----------
[2023-08-18 09:11:42.592287] [0x000070000773d000] [info]  index : 1, remote : 127.0.0.1:58959
[2023-08-18 09:11:42.592369] [0x000070000773d000] [info]  ------------------------------------------
[2023-08-18 09:12:07.492527] [0x000070000773d000] [info]  websocket.connection.handle_read_frame complete recv frame data. opcode : 00000010
[2023-08-18 09:13:07.497297] [0x000070000773d000] [info]  websocket.connection.handle_read_frame complete recv frame data. opcode : 00000010
[2023-08-18 09:13:42.593513] [0x000070000773d000] [info]  ------------ no tls connection -----------
[2023-08-18 09:13:42.593680] [0x000070000773d000] [info]  index : 1, remote : 127.0.0.1:58959
[2023-08-18 09:13:42.593782] [0x000070000773d000] [info]  ------------------------------------------
[2023-08-18 09:13:47.859587] [0x000070000773d000] [info]  websocket.connection.handle_read_frame complete recv frame data. opcode : 00000008
[2023-08-18 09:13:47.863939] [0x000070000773d000] [info]  anysign.base_server.handle_close. session id : 2, session ref : 0
[2023-08-18 09:13:47.864208] [0x000070000773d000] [info]  native delete measurement point
[2023-08-18 09:13:47.864390] [0x000070000773d000] [info]  native delete elapsed time : 0 ms
[2023-08-18 09:13:47.864544] [0x000070000773d000] [info]  anysign.base_server.handle_close. index : 1, remote info : 127.0.0.1:58959
[2023-08-18 09:13:48.869295] [0x000070000773d000] [info]  handle_accept. remote info : 127.0.0.1:58995
[2023-08-18 09:13:48.869448] [0x000070000773d000] [info]  websocket handshake complete measurement point
[2023-08-18 09:13:48.869794] [0x000070000773d000] [info]  websocket handshake complete elapsed time : 0 ms
[2023-08-18 09:13:48.869843] [0x000070000773d000] [info]  anysign.base_server native origin : www.iros.go.kr
[2023-08-18 09:13:48.869865] [0x000070000773d000] [info]  anysign.base_server.handle_open index : 1, remote info : 127.0.0.1:58995
[2023-08-18 09:13:48.872040] [0x000070000773d000] [info]  websocket.connection.handle_read_frame complete recv frame data. opcode : 00000001
[2023-08-18 09:13:49.155959] [0x000070000773d000] [info]  websocket.connection.handle_read_frame complete recv frame data. opcode : 00000001
[2023-08-18 09:13:49.156137] [0x000070000773d000] [info]  native_private_decrypt measurement point
[2023-08-18 09:13:49.158067] [0x000070000773d000] [info]  native_private_decrypt ret : 00000000, elapsed time : 1 ms
[2023-08-18 09:13:49.200668] [0x000070000773d000] [info]  websocket.connection.handle_read_frame complete recv frame data. opcode : 00000001
[2023-08-18 09:13:49.202347] [0x000070000773d000] [info]  native_decrypt_base64 measurement point
[2023-08-18 09:13:49.203245] [0x000070000773d000] [info]  native_decrypt_base64 ret : 00000000, elapsed time : 0 ms
[2023-08-18 09:13:49.203352] [0x000070000773d000] [info]  anysign.base_server.jsonp_handle_input index : 1, data length : 9658
[2023-08-18 09:13:49.203817] [0x000070000773d000] [info]  anysign.base_server.native_create_by_websession native create (session:www.iros.go.kr,id:2,ref:1)
[2023-08-18 09:13:49.203863] [0x000070000773d000] [info]  native_check_version measurement point
[2023-08-18 09:13:49.203889] [0x000070000773d000] [info]  native_check_version ret : 00000000, elapsed time : 0 ms
[2023-08-18 09:13:49.203927] [0x000070000773d000] [info]  native_put_license_n measurement point
[2023-08-18 09:13:49.207493] [0x000070000773d000] [info]  native_put_license_n ret : 00000000, elapsed time : 3 ms
[2023-08-18 09:13:49.207573] [0x000070000773d000] [info]  native_put_license2_n measurement point
[2023-08-18 09:13:49.215232] [0x000070000773d000] [info]  native_put_license2_n ret : 00000000, elapsed time : 7 ms
[2023-08-18 09:13:49.215823] [0x000070000773d000] [info]  native_put_storage_n measurement point
[2023-08-18 09:13:49.215938] [0x000070000773d000] [info]  native_put_storage_n ret : 00000000, elapsed time : 0 ms
[2023-08-18 09:13:49.215986] [0x000070000773d000] [info]  native_put_language_n measurement point
[2023-08-18 09:13:49.216893] [0x000070000773d000] [info]  native_put_language_n ret : 00000000, elapsed time : 0 ms
[2023-08-18 09:13:49.216963] [0x000070000773d000] [info]  native_put_char_set_n measurement point
[2023-08-18 09:13:49.217002] [0x000070000773d000] [info]  native_put_char_set_n ret : 00000000, elapsed time : 0 ms
[2023-08-18 09:13:49.217032] [0x000070000773d000] [info]  native_put_proxy_usage_n measurement point
[2023-08-18 09:13:49.217060] [0x000070000773d000] [info]  native_put_proxy_usage_n ret : 00000000, elapsed time : 0 ms
[2023-08-18 09:13:49.217085] [0x000070000773d000] [info]  native_put_transkey_n measurement point
[2023-08-18 09:13:49.217110] [0x000070000773d000] [info]  native_put_transkey_n ret : 00000000, elapsed time : 0 ms
[2023-08-18 09:13:49.217176] [0x000070000773d000] [info]  native_encrypt_base64 measurement point
[2023-08-18 09:13:49.217234] [0x000070000773d000] [info]  native_encrypt_base64 ret : 00000000, elapsed time : 0 ms
[2023-08-18 09:14:48.871394] [0x000070000773d000] [info]  websocket.connection.handle_read_frame complete recv frame data. opcode : 00000010
[2023-08-18 09:15:42.595119] [0x000070000773d000] [info]  ------------ no tls connection -----------
[2023-08-18 09:15:42.595264] [0x000070000773d000] [info]  index : 1, remote : 127.0.0.1:58995
[2023-08-18 09:15:42.595319] [0x000070000773d000] [info]  ------------------------------------------
[2023-08-18 09:15:48.872556] [0x000070000773d000] [info]  websocket.connection.handle_read_frame complete recv frame data. opcode : 00000010
[2023-08-18 09:16:48.874466] [0x000070000773d000] [info]  websocket.connection.handle_read_frame complete recv frame data. opcode : 00000010
[2023-08-18 09:17:42.596259] [0x000070000773d000] [info]  ------------ no tls connection -----------
[2023-08-18 09:17:42.596408] [0x000070000773d000] [info]  index : 1, remote : 127.0.0.1:58995
[2023-08-18 09:17:42.596463] [0x000070000773d000] [info]  ------------------------------------------
[2023-08-18 09:17:48.875884] [0x000070000773d000] [info]  websocket.connection.handle_read_frame complete recv frame data. opcode : 00000010
[2023-08-18 09:18:48.876885] [0x000070000773d000] [info]  websocket.connection.handle_read_frame complete recv frame data. opcode : 00000010
[2023-08-18 09:19:42.597792] [0x000070000773d000] [info]  ------------ no tls connection -----------
[2023-08-18 09:19:42.597979] [0x000070000773d000] [info]  index : 1, remote : 127.0.0.1:58995
[2023-08-18 09:19:42.598059] [0x000070000773d000] [info]  ------------------------------------------
[2023-08-18 09:19:48.877553] [0x000070000773d000] [info]  websocket.connection.handle_read_frame complete recv frame data. opcode : 00000010
[2023-08-18 09:20:48.878952] [0x000070000773d000] [info]  websocket.connection.handle_read_frame complete recv frame data. opcode : 00000010
[2023-08-18 09:21:42.598484] [0x000070000773d000] [info]  ------------ no tls connection -----------
[2023-08-18 09:21:42.598623] [0x000070000773d000] [info]  index : 1, remote : 127.0.0.1:58995
[2023-08-18 09:21:42.598677] [0x000070000773d000] [info]  ------------------------------------------
[2023-08-18 09:21:48.880637] [0x000070000773d000] [info]  websocket.connection.handle_read_frame complete recv frame data. opcode : 00000010
[2023-08-18 09:22:48.882466] [0x000070000773d000] [info]  websocket.connection.handle_read_frame complete recv frame data. opcode : 00000010
[2023-08-18 09:23:42.599933] [0x000070000773d000] [info]  ------------ no tls connection -----------
[2023-08-18 09:23:42.600089] [0x000070000773d000] [info]  index : 1, remote : 127.0.0.1:58995
[2023-08-18 09:23:42.600159] [0x000070000773d000] [info]  ------------------------------------------
[2023-08-18 09:23:48.883393] [0x000070000773d000] [info]  websocket.connection.handle_read_frame complete recv frame data. opcode : 00000010
[2023-08-18 09:24:48.884416] [0x000070000773d000] [info]  websocket.connection.handle_read_frame complete recv frame data. opcode : 00000010
[2023-08-18 09:25:42.601373] [0x000070000773d000] [info]  ------------ no tls connection -----------
[2023-08-18 09:25:42.601523] [0x000070000773d000] [info]  index : 1, remote : 127.0.0.1:58995
[2023-08-18 09:25:42.601578] [0x000070000773d000] [info]  ------------------------------------------
[2023-08-18 09:25:48.886187] [0x000070000773d000] [info]  websocket.connection.handle_read_frame complete recv frame data. opcode : 00000010
[2023-08-18 09:26:48.887994] [0x000070000773d000] [info]  websocket.connection.handle_read_frame complete recv frame data. opcode : 00000010
[2023-08-18 09:27:42.602825] [0x000070000773d000] [info]  ------------ no tls connection -----------
[2023-08-18 09:27:42.602977] [0x000070000773d000] [info]  index : 1, remote : 127.0.0.1:58995
[2023-08-18 09:27:42.603033] [0x000070000773d000] [info]  ------------------------------------------
[2023-08-18 09:27:48.889885] [0x000070000773d000] [info]  websocket.connection.handle_read_frame complete recv frame data. opcode : 00000010
[2023-08-18 09:28:48.891400] [0x000070000773d000] [info]  websocket.connection.handle_read_frame complete recv frame data. opcode : 00000010
[2023-08-18 09:29:42.604273] [0x000070000773d000] [info]  ------------ no tls connection -----------
[2023-08-18 09:29:42.604425] [0x000070000773d000] [info]  index : 1, remote : 127.0.0.1:58995
[2023-08-18 09:29:42.604479] [0x000070000773d000] [info]  ------------------------------------------
[2023-08-18 09:29:48.893412] [0x000070000773d000] [info]  websocket.connection.handle_read_frame complete recv frame data. opcode : 00000010
[2023-08-18 09:30:48.896174] [0x000070000773d000] [info]  websocket.connection.handle_read_frame complete recv frame data. opcode : 00000010
[2023-08-18 09:31:42.606744] [0x000070000773d000] [info]  ------------ no tls connection -----------
[2023-08-18 09:31:42.606890] [0x000070000773d000] [info]  index : 1, remote : 127.0.0.1:58995
[2023-08-18 09:31:42.606945] [0x000070000773d000] [info]  ------------------------------------------
[2023-08-18 09:31:48.899224] [0x000070000773d000] [info]  websocket.connection.handle_read_frame complete recv frame data. opcode : 00000010
[2023-08-18 09:32:48.902149] [0x000070000773d000] [info]  websocket.connection.handle_read_frame complete recv frame data. opcode : 00000010
[2023-08-18 09:33:42.609175] [0x000070000773d000] [info]  ------------ no tls connection -----------
[2023-08-18 09:33:42.609331] [0x000070000773d000] [info]  index : 1, remote : 127.0.0.1:58995
[2023-08-18 09:33:42.609386] [0x000070000773d000] [info]  ------------------------------------------
[2023-08-18 09:33:48.904912] [0x000070000773d000] [info]  websocket.connection.handle_read_frame complete recv frame data. opcode : 00000010
[2023-08-18 09:34:48.907664] [0x000070000773d000] [info]  websocket.connection.handle_read_frame complete recv frame data. opcode : 00000010
[2023-08-18 09:35:42.611621] [0x000070000773d000] [info]  ------------ no tls connection -----------
[2023-08-18 09:35:42.611773] [0x000070000773d000] [info]  index : 1, remote : 127.0.0.1:58995
[2023-08-18 09:35:42.611827] [0x000070000773d000] [info]  ------------------------------------------
[2023-08-18 09:35:48.909996] [0x000070000773d000] [info]  websocket.connection.handle_read_frame complete recv frame data. opcode : 00000010
[2023-08-18 09:36:48.912761] [0x000070000773d000] [info]  websocket.connection.handle_read_frame complete recv frame data. opcode : 00000010
[2023-08-18 09:37:42.614163] [0x000070000773d000] [info]  ------------ no tls connection -----------
[2023-08-18 09:37:42.614314] [0x000070000773d000] [info]  index : 1, remote : 127.0.0.1:58995
[2023-08-18 09:37:42.614369] [0x000070000773d000] [info]  ------------------------------------------
[2023-08-18 09:37:48.915522] [0x000070000773d000] [info]  websocket.connection.handle_read_frame complete recv frame data. opcode : 00000010
[2023-08-18 09:38:48.918284] [0x000070000773d000] [info]  websocket.connection.handle_read_frame complete recv frame data. opcode : 00000010
[2023-08-18 09:39:42.614701] [0x000070000773d000] [info]  ------------ no tls connection -----------
[2023-08-18 09:39:42.614843] [0x000070000773d000] [info]  index : 1, remote : 127.0.0.1:58995
[2023-08-18 09:39:42.614898] [0x000070000773d000] [info]  ------------------------------------------
[2023-08-18 09:39:48.921065] [0x000070000773d000] [info]  websocket.connection.handle_read_frame complete recv frame data. opcode : 00000010
[2023-08-18 09:40:48.923815] [0x000070000773d000] [info]  websocket.connection.handle_read_frame complete recv frame data. opcode : 00000010
[2023-08-18 09:41:42.617161] [0x000070000773d000] [info]  ------------ no tls connection -----------
[2023-08-18 09:41:42.617312] [0x000070000773d000] [info]  index : 1, remote : 127.0.0.1:58995
[2023-08-18 09:41:42.617368] [0x000070000773d000] [info]  ------------------------------------------
[2023-08-18 09:41:48.926584] [0x000070000773d000] [info]  websocket.connection.handle_read_frame complete recv frame data. opcode : 00000010
[2023-08-18 09:42:48.928855] [0x000070000773d000] [info]  websocket.connection.handle_read_frame complete recv frame data. opcode : 00000010
[2023-08-18 09:43:42.619605] [0x000070000773d000] [info]  ------------ no tls connection -----------
[2023-08-18 09:43:42.619757] [0x000070000773d000] [info]  index : 1, remote : 127.0.0.1:58995
[2023-08-18 09:43:42.619813] [0x000070000773d000] [info]  ------------------------------------------
[2023-08-18 09:43:48.931696] [0x000070000773d000] [info]  websocket.connection.handle_read_frame complete recv frame data. opcode : 00000010
[2023-08-18 09:44:48.933970] [0x000070000773d000] [info]  websocket.connection.handle_read_frame complete recv frame data. opcode : 00000010
[2023-08-18 09:45:42.622087] [0x000070000773d000] [info]  ------------ no tls connection -----------
[2023-08-18 09:45:42.622235] [0x000070000773d000] [info]  index : 1, remote : 127.0.0.1:58995
[2023-08-18 09:45:42.622290] [0x000070000773d000] [info]  ------------------------------------------
[2023-08-18 09:45:48.935061] [0x000070000773d000] [info]  websocket.connection.handle_read_frame complete recv frame data. opcode : 00000010
[2023-08-18 09:46:48.937457] [0x000070000773d000] [info]  websocket.connection.handle_read_frame complete recv frame data. opcode : 00000010
[2023-08-18 09:47:42.624544] [0x000070000773d000] [info]  ------------ no tls connection -----------
[2023-08-18 09:47:42.624696] [0x000070000773d000] [info]  index : 1, remote : 127.0.0.1:58995
[2023-08-18 09:47:42.624751] [0x000070000773d000] [info]  ------------------------------------------
[2023-08-18 09:47:48.938432] [0x000070000773d000] [info]  websocket.connection.handle_read_frame complete recv frame data. opcode : 00000010
[2023-08-18 09:48:48.940049] [0x000070000773d000] [info]  websocket.connection.handle_read_frame complete recv frame data. opcode : 00000010
[2023-08-18 09:49:42.627025] [0x000070000773d000] [info]  ------------ no tls connection -----------
[2023-08-18 09:49:42.627176] [0x000070000773d000] [info]  index : 1, remote : 127.0.0.1:58995
[2023-08-18 09:49:42.627230] [0x000070000773d000] [info]  ------------------------------------------
[2023-08-18 09:49:48.941307] [0x000070000773d000] [info]  websocket.connection.handle_read_frame complete recv frame data. opcode : 00000010
[2023-08-18 09:50:48.942821] [0x000070000773d000] [info]  websocket.connection.handle_read_frame complete recv frame data. opcode : 00000010
[2023-08-18 09:51:42.628933] [0x000070000773d000] [info]  ------------ no tls connection -----------
[2023-08-18 09:51:42.629113] [0x000070000773d000] [info]  index : 1, remote : 127.0.0.1:58995
[2023-08-18 09:51:42.629307] [0x000070000773d000] [info]  ------------------------------------------
[2023-08-18 09:51:48.944573] [0x000070000773d000] [info]  websocket.connection.handle_read_frame complete recv frame data. opcode : 00000010
[2023-08-18 09:52:48.946326] [0x000070000773d000] [info]  websocket.connection.handle_read_frame complete recv frame data. opcode : 00000010
[2023-08-18 09:53:42.630552] [0x000070000773d000] [info]  ------------ no tls connection -----------
[2023-08-18 09:53:42.630703] [0x000070000773d000] [info]  index : 1, remote : 127.0.0.1:58995
[2023-08-18 09:53:42.630758] [0x000070000773d000] [info]  ------------------------------------------
[2023-08-18 09:53:48.948104] [0x000070000773d000] [info]  websocket.connection.handle_read_frame complete recv frame data. opcode : 00000010
[2023-08-18 09:54:48.949886] [0x000070000773d000] [info]  websocket.connection.handle_read_frame complete recv frame data. opcode : 00000010
[2023-08-18 09:55:42.631202] [0x000070000773d000] [info]  ------------ no tls connection -----------
[2023-08-18 09:55:42.631355] [0x000070000773d000] [info]  index : 1, remote : 127.0.0.1:58995
[2023-08-18 09:55:42.631425] [0x000070000773d000] [info]  ------------------------------------------
[2023-08-18 09:55:48.951664] [0x000070000773d000] [info]  websocket.connection.handle_read_frame complete recv frame data. opcode : 00000010
[2023-08-18 09:56:48.953416] [0x000070000773d000] [info]  websocket.connection.handle_read_frame complete recv frame data. opcode : 00000010
[2023-08-18 09:57:42.633687] [0x000070000773d000] [info]  ------------ no tls connection -----------
[2023-08-18 09:57:42.633829] [0x000070000773d000] [info]  index : 1, remote : 127.0.0.1:58995
[2023-08-18 09:57:42.633884] [0x000070000773d000] [info]  ------------------------------------------
[2023-08-18 09:57:48.956168] [0x000070000773d000] [info]  websocket.connection.handle_read_frame complete recv frame data. opcode : 00000010
[2023-08-18 09:58:48.958926] [0x000070000773d000] [info]  websocket.connection.handle_read_frame complete recv frame data. opcode : 00000010
[2023-08-18 09:59:42.636125] [0x000070000773d000] [info]  ------------ no tls connection -----------
[2023-08-18 09:59:42.636312] [0x000070000773d000] [info]  index : 1, remote : 127.0.0.1:58995
[2023-08-18 09:59:42.636360] [0x000070000773d000] [info]  ------------------------------------------
[2023-08-18 09:59:48.960402] [0x000070000773d000] [info]  websocket.connection.handle_read_frame complete recv frame data. opcode : 00000010
[2023-08-18 10:00:48.963171] [0x000070000773d000] [info]  websocket.connection.handle_read_frame complete recv frame data. opcode : 00000010
[2023-08-18 10:01:42.638597] [0x000070000773d000] [info]  ------------ no tls connection -----------
[2023-08-18 10:01:42.638763] [0x000070000773d000] [info]  index : 1, remote : 127.0.0.1:58995
[2023-08-18 10:01:42.638818] [0x000070000773d000] [info]  ------------------------------------------
[2023-08-18 10:01:48.966008] [0x000070000773d000] [info]  websocket.connection.handle_read_frame complete recv frame data. opcode : 00000010
[2023-08-18 10:02:48.968790] [0x000070000773d000] [info]  websocket.connection.handle_read_frame complete recv frame data. opcode : 00000010
[2023-08-18 10:03:42.641059] [0x000070000773d000] [info]  ------------ no tls connection -----------
[2023-08-18 10:03:42.641212] [0x000070000773d000] [info]  index : 1, remote : 127.0.0.1:58995
[2023-08-18 10:03:42.641268] [0x000070000773d000] [info]  ------------------------------------------
[2023-08-18 10:03:48.971544] [0x000070000773d000] [info]  websocket.connection.handle_read_frame complete recv frame data. opcode : 00000010
[2023-08-18 10:04:48.974365] [0x000070000773d000] [info]  websocket.connection.handle_read_frame complete recv frame data. opcode : 00000010
[2023-08-18 10:05:42.643499] [0x000070000773d000] [info]  ------------ no tls connection -----------
[2023-08-18 10:05:42.643652] [0x000070000773d000] [info]  index : 1, remote : 127.0.0.1:58995
[2023-08-18 10:05:42.643707] [0x000070000773d000] [info]  ------------------------------------------
[2023-08-18 10:05:48.975145] [0x000070000773d000] [info]  websocket.connection.handle_read_frame complete recv frame data. opcode : 00000010
[2023-08-18 10:05:56.914368] [0x000070000773d000] [info]  anysign.base_server.handle_close. session id : 2, session ref : 0
[2023-08-18 10:05:56.914629] [0x000070000773d000] [info]  native delete measurement point
[2023-08-18 10:05:56.914706] [0x000070000773d000] [info]  native delete elapsed time : 0 ms
[2023-08-18 10:05:56.914761] [0x000070000773d000] [info]  anysign.base_server.handle_close. index : 1, remote info : 127.0.0.1:58995
[2023-08-18 10:06:28.697474] [0x000000010b5ac600] [info]  anysign.shutdown_session_strategy : begin server shutdown
[2023-08-18 10:06:28.698047] [0x000000010b5ac600] [info]  anysign for pc stop.
