10/06/2025 08:08:42 대한민국 표준시 : Information : Local timezone is (UTC+09:00) 대한민국 표준시 (서울)
10/06/2025 08:08:49 대한민국 표준시 : Information : Service Hub .NET service module host started. Host id: dotnet$C94B8CFE-E3FD-4BAF-A941-2866DBB566FE. Controller pipe: net.pipe://761359A7F3. PID: 76179
10/06/2025 08:08:49 대한민국 표준시 : Information : hubHostClr read: Content-Length: 159

{"jsonrpc":"2.0","id":2,"method":"InitializeHostAsync","params":[{"EnableExternalAuthorizationService":false,"HostsRootDirectory":".","AppConfigFallback":""}]}
10/06/2025 08:08:49 대한민국 표준시 : Information : hubHostClr write: Content-Length: 79

{"jsonrpc":"2.0","id":2,"result":"dotnet$C94B8CFE-E3FD-4BAF-A941-2866DBB566FE"}
10/06/2025 08:08:49 대한민국 표준시 : Information : hubHostClr read: Content-Length: 843

{"jsonrpc":"2.0","id":3,"method":"StartServiceAsync","params":[{"name":"Microsoft.VisualStudio.Maui.UtilService","host":"dotnet","hostId":"C94B8CFE-E3FD-4BAF-A941-2866DBB566FE","serviceBaseDirectory":"/Users/sebokoh/.vscode/extensions/ms-dotnettools.dotnet-maui-1.10.18-darwin-x64/dist/components/MicrosoftVisualStudioMauiDevices","entryPoint":{"assemblyPath":"/Users/sebokoh/.vscode/extensions/ms-dotnettools.dotnet-maui-1.10.18-darwin-x64/dist/components/MicrosoftVisualStudioMauiDevices/Microsoft.VisualStudio.Maui.Devices.dll","fullClassName":"Microsoft.VisualStudio.Maui.UtilServiceFactory"}},{"ActivationArguments":{"__servicehub__ServiceHubRemoteServiceBrokerPipeName":"/Users/sebokoh/.ServiceHub/db1af26902/7e5b0dc6ce","__servicehub__RequestedServiceVersion":"0.1"},"ClientCredentials":{},"ClientCulture":"ko","ClientUICulture":"ko"}]}Content-Length: 1034

{"jsonrpc":"2.0","id":4,"method":"StartServiceAsync","params":[{"name":"Microsoft.VisualStudio.TestWindow.VSCode.Service","host":"dotnet","hostId":"C94B8CFE-E3FD-4BAF-A941-2866DBB566FE","serviceBaseDirectory":"/Users/sebokoh/.vscode/extensions/ms-dotnettools.csdevkit-1.50.51-darwin-x64/components/VSUnitTesting/platforms/darwin-x64/node_modules/@microsoft/visualstudio-testwindow-vscode-service.darwin-x64","entryPoint":{"assemblyPath":"/Users/sebokoh/.vscode/extensions/ms-dotnettools.csdevkit-1.50.51-darwin-x64/components/VSUnitTesting/platforms/darwin-x64/node_modules/@microsoft/visualstudio-testwindow-vscode-service.darwin-x64/Microsoft.VisualStudio.TestWindow.VSCode.Service.dll","fullClassName":"Microsoft.VisualStudio.TestWindow.VSCode.Service.TestWindowVSCodeServiceFactory"}},{"ActivationArguments":{"__servicehub__ServiceHubRemoteServiceBrokerPipeName":"/Users/sebokoh/.ServiceHub/db1af26902/2b3d054faa","__servicehub__RequestedServiceVersion":"0.1"},"ClientCredentials":{},"ClientCulture":"ko","ClientUICulture":"ko"}]}
10/06/2025 08:08:49 대한민국 표준시 : Information : CLR host received start request for service 'Microsoft.VisualStudio.Maui.UtilService'
10/06/2025 08:08:49 대한민국 표준시 : Information : Loading service module assembly '/Users/sebokoh/.vscode/extensions/ms-dotnettools.dotnet-maui-1.10.18-darwin-x64/dist/components/MicrosoftVisualStudioMauiDevices/Microsoft.VisualStudio.Maui.Devices.dll' from '/Users/sebokoh/.vscode/extensions/ms-dotnettools.dotnet-maui-1.10.18-darwin-x64/dist/components/MicrosoftVisualStudioMauiDevices'
10/06/2025 08:08:50 대한민국 표준시 : Information : Starting service module 'Microsoft.VisualStudio.Maui.UtilService'. Class: Microsoft.VisualStudio.Maui.UtilServiceFactory, Supported Version: 
10/06/2025 08:08:50 대한민국 표준시 : Information : Started service 'Microsoft.VisualStudio.Maui.UtilService'. Pipe name: /Users/sebokoh/.ServiceHub/db1af26902/9e5d98d9e7, Supported Version: 
10/06/2025 08:08:50 대한민국 표준시 : Information : CLR host received start request for service 'Microsoft.VisualStudio.TestWindow.VSCode.Service'
10/06/2025 08:08:50 대한민국 표준시 : Information : Loading service module assembly '/Users/sebokoh/.vscode/extensions/ms-dotnettools.csdevkit-1.50.51-darwin-x64/components/VSUnitTesting/platforms/darwin-x64/node_modules/@microsoft/visualstudio-testwindow-vscode-service.darwin-x64/Microsoft.VisualStudio.TestWindow.VSCode.Service.dll' from '/Users/sebokoh/.vscode/extensions/ms-dotnettools.csdevkit-1.50.51-darwin-x64/components/VSUnitTesting/platforms/darwin-x64/node_modules/@microsoft/visualstudio-testwindow-vscode-service.darwin-x64'
10/06/2025 08:08:50 대한민국 표준시 : Information : hubHostClr write: Content-Length: 84

{"jsonrpc":"2.0","id":3,"result":"/Users/sebokoh/.ServiceHub/db1af26902/9e5d98d9e7"}
10/06/2025 08:08:50 대한민국 표준시 : Information : Starting service module 'Microsoft.VisualStudio.TestWindow.VSCode.Service'. Class: Microsoft.VisualStudio.TestWindow.VSCode.Service.TestWindowVSCodeServiceFactory, Supported Version: 
10/06/2025 08:08:50 대한민국 표준시 : Information : Started service 'Microsoft.VisualStudio.TestWindow.VSCode.Service'. Pipe name: /Users/sebokoh/.ServiceHub/db1af26902/62f183c227, Supported Version: 
10/06/2025 08:08:50 대한민국 표준시 : Information : hubHostClr write: Content-Length: 84

{"jsonrpc":"2.0","id":4,"result":"/Users/sebokoh/.ServiceHub/db1af26902/62f183c227"}
10/06/2025 08:08:50 대한민국 표준시 : Information : A new client connected to CLR service module 'Microsoft.VisualStudio.Maui.UtilService'
10/06/2025 08:08:50 대한민국 표준시 : Information : A new client connected to CLR service module 'Microsoft.VisualStudio.TestWindow.VSCode.Service'
10/06/2025 08:08:50 대한민국 표준시 : Information : hubHostClr read: Content-Length: 877

{"jsonrpc":"2.0","id":5,"method":"StartServiceAsync","params":[{"name":"Microsoft.VisualStudio.Maui.Devices.AndroidDeviceManager","host":"dotnet","hostId":"C94B8CFE-E3FD-4BAF-A941-2866DBB566FE","serviceBaseDirectory":"/Users/sebokoh/.vscode/extensions/ms-dotnettools.dotnet-maui-1.10.18-darwin-x64/dist/components/MicrosoftVisualStudioMauiDevices","entryPoint":{"assemblyPath":"/Users/sebokoh/.vscode/extensions/ms-dotnettools.dotnet-maui-1.10.18-darwin-x64/dist/components/MicrosoftVisualStudioMauiDevices/Microsoft.VisualStudio.Maui.Devices.dll","fullClassName":"Microsoft.VisualStudio.Maui.Devices.AndroidDeviceManagerFactory"}},{"ActivationArguments":{"__servicehub__ServiceHubRemoteServiceBrokerPipeName":"/Users/sebokoh/.ServiceHub/db1af26902/dacd2c2ef6","__servicehub__RequestedServiceVersion":"0.1"},"ClientCredentials":{},"ClientCulture":"ko","ClientUICulture":"ko"}]}
10/06/2025 08:08:50 대한민국 표준시 : Information : CLR host received start request for service 'Microsoft.VisualStudio.Maui.Devices.AndroidDeviceManager'
10/06/2025 08:08:50 대한민국 표준시 : Information : Loading service module assembly '/Users/sebokoh/.vscode/extensions/ms-dotnettools.dotnet-maui-1.10.18-darwin-x64/dist/components/MicrosoftVisualStudioMauiDevices/Microsoft.VisualStudio.Maui.Devices.dll' from '/Users/sebokoh/.vscode/extensions/ms-dotnettools.dotnet-maui-1.10.18-darwin-x64/dist/components/MicrosoftVisualStudioMauiDevices'
10/06/2025 08:08:50 대한민국 표준시 : Information : Starting service module 'Microsoft.VisualStudio.Maui.Devices.AndroidDeviceManager'. Class: Microsoft.VisualStudio.Maui.Devices.AndroidDeviceManagerFactory, Supported Version: 
10/06/2025 08:08:50 대한민국 표준시 : Information : Started service 'Microsoft.VisualStudio.Maui.Devices.AndroidDeviceManager'. Pipe name: /Users/sebokoh/.ServiceHub/db1af26902/768bc5d331, Supported Version: 
10/06/2025 08:08:50 대한민국 표준시 : Information : hubHostClr write: Content-Length: 110

{"jsonrpc":"2.0","method":"HostServicesStartedAsync","params":["dotnet$C94B8CFE-E3FD-4BAF-A941-2866DBB566FE"]}Content-Length: 84

{"jsonrpc":"2.0","id":5,"result":"/Users/sebokoh/.ServiceHub/db1af26902/768bc5d331"}
10/06/2025 08:08:50 대한민국 표준시 : Information : A new client connected to CLR service module 'Microsoft.VisualStudio.Maui.Devices.AndroidDeviceManager'
10/06/2025 08:08:50 대한민국 표준시 : Information : hubHostClr read: Content-Length: 873

{"jsonrpc":"2.0","id":6,"method":"StartServiceAsync","params":[{"name":"Microsoft.VisualStudio.Maui.Devices.AppleDeviceManager","host":"dotnet","hostId":"C94B8CFE-E3FD-4BAF-A941-2866DBB566FE","serviceBaseDirectory":"/Users/sebokoh/.vscode/extensions/ms-dotnettools.dotnet-maui-1.10.18-darwin-x64/dist/components/MicrosoftVisualStudioMauiDevices","entryPoint":{"assemblyPath":"/Users/sebokoh/.vscode/extensions/ms-dotnettools.dotnet-maui-1.10.18-darwin-x64/dist/components/MicrosoftVisualStudioMauiDevices/Microsoft.VisualStudio.Maui.Devices.dll","fullClassName":"Microsoft.VisualStudio.Maui.Devices.AppleDeviceManagerFactory"}},{"ActivationArguments":{"__servicehub__ServiceHubRemoteServiceBrokerPipeName":"/Users/sebokoh/.ServiceHub/db1af26902/1a67fa9a32","__servicehub__RequestedServiceVersion":"0.1"},"ClientCredentials":{},"ClientCulture":"ko","ClientUICulture":"ko"}]}
10/06/2025 08:08:50 대한민국 표준시 : Information : CLR host received start request for service 'Microsoft.VisualStudio.Maui.Devices.AppleDeviceManager'
10/06/2025 08:08:50 대한민국 표준시 : Information : Loading service module assembly '/Users/sebokoh/.vscode/extensions/ms-dotnettools.dotnet-maui-1.10.18-darwin-x64/dist/components/MicrosoftVisualStudioMauiDevices/Microsoft.VisualStudio.Maui.Devices.dll' from '/Users/sebokoh/.vscode/extensions/ms-dotnettools.dotnet-maui-1.10.18-darwin-x64/dist/components/MicrosoftVisualStudioMauiDevices'
10/06/2025 08:08:50 대한민국 표준시 : Information : Starting service module 'Microsoft.VisualStudio.Maui.Devices.AppleDeviceManager'. Class: Microsoft.VisualStudio.Maui.Devices.AppleDeviceManagerFactory, Supported Version: 
10/06/2025 08:08:50 대한민국 표준시 : Information : Started service 'Microsoft.VisualStudio.Maui.Devices.AppleDeviceManager'. Pipe name: /Users/sebokoh/.ServiceHub/db1af26902/4eba603a24, Supported Version: 
10/06/2025 08:08:50 대한민국 표준시 : Information : hubHostClr write: Content-Length: 84

{"jsonrpc":"2.0","id":6,"result":"/Users/sebokoh/.ServiceHub/db1af26902/4eba603a24"}
10/06/2025 08:08:50 대한민국 표준시 : Information : A new client connected to CLR service module 'Microsoft.VisualStudio.Maui.Devices.AppleDeviceManager'
10/06/2025 08:08:50 대한민국 표준시 : Information : Found FactoryVersion=Version2 for service : Microsoft.VisualStudio.TestWindow.VSCode.Service.
10/06/2025 08:08:50 대한민국 표준시 : Information : Service 'Microsoft.VisualStudio.TestWindow.VSCode.Service.TestWindowVSCodeServiceFactory' implements IServiceHubServiceFactory. Creating factory instance and caching it.
10/06/2025 08:08:50 대한민국 표준시 : Information : Found FactoryVersion=Version2 for service : Microsoft.VisualStudio.Maui.UtilService.
10/06/2025 08:08:50 대한민국 표준시 : Information : Service 'Microsoft.VisualStudio.Maui.UtilServiceFactory' implements IServiceHubServiceFactory. Creating factory instance and caching it.
10/06/2025 08:08:50 대한민국 표준시 : Information : Found FactoryVersion=Version2 for service : Microsoft.VisualStudio.Maui.Devices.AndroidDeviceManager.
10/06/2025 08:08:50 대한민국 표준시 : Information : Service 'Microsoft.VisualStudio.Maui.Devices.AndroidDeviceManagerFactory' implements IServiceHubServiceFactory. Creating factory instance and caching it.
10/06/2025 08:08:50 대한민국 표준시 : Information : Found FactoryVersion=Version2 for service : Microsoft.VisualStudio.Maui.Devices.AppleDeviceManager.
10/06/2025 08:08:50 대한민국 표준시 : Information : Service 'Microsoft.VisualStudio.Maui.Devices.AppleDeviceManagerFactory' implements IServiceHubServiceFactory. Creating factory instance and caching it.
10/06/2025 08:08:50 대한민국 표준시 : Information : Creating service Microsoft.VisualStudio.Maui.Devices.AppleDeviceManagerFactory from factory with FactoryVersion=Version2 and ClientRequestedVersion=0.1.
10/06/2025 08:08:50 대한민국 표준시 : Information : Creating service Microsoft.VisualStudio.Maui.Devices.AndroidDeviceManagerFactory from factory with FactoryVersion=Version2 and ClientRequestedVersion=0.1.
10/06/2025 08:08:50 대한민국 표준시 : Information : Setting up RPC connection for service 'Microsoft.VisualStudio.Maui.Devices.AndroidDeviceManagerFactory' from factory
10/06/2025 08:08:50 대한민국 표준시 : Information : Creating service Microsoft.VisualStudio.TestWindow.VSCode.Service.TestWindowVSCodeServiceFactory from factory with FactoryVersion=Version2 and ClientRequestedVersion=0.1.
10/06/2025 08:08:50 대한민국 표준시 : Information : Setting up RPC connection for service 'Microsoft.VisualStudio.Maui.Devices.AppleDeviceManagerFactory' from factory
10/06/2025 08:08:50 대한민국 표준시 : Information : Setting up RPC connection for service 'Microsoft.VisualStudio.TestWindow.VSCode.Service.TestWindowVSCodeServiceFactory' from factory
10/06/2025 08:08:50 대한민국 표준시 : Information : Failed to find static method for retrieving an internal AuthorizationServiceClient.
10/06/2025 08:08:50 대한민국 표준시 : Information : Failed to find static method for retrieving an internal AuthorizationServiceClient.
10/06/2025 08:08:50 대한민국 표준시 : Information : Failed to find static method for retrieving an internal AuthorizationServiceClient.
10/06/2025 08:08:51 대한민국 표준시 : Information : Creating service Microsoft.VisualStudio.Maui.UtilServiceFactory from factory with FactoryVersion=Version2 and ClientRequestedVersion=0.1.
10/06/2025 08:08:51 대한민국 표준시 : Information : Setting up RPC connection for service 'Microsoft.VisualStudio.Maui.UtilServiceFactory' from factory
10/06/2025 08:08:51 대한민국 표준시 : Information : Failed to find static method for retrieving an internal AuthorizationServiceClient.
10/06/2025 08:08:51 대한민국 표준시 : Information : hubHostClr read: Content-Length: 901

{"jsonrpc":"2.0","id":7,"method":"StartServiceAsync","params":[{"name":"Microsoft.VisualStudio.Maui.ProjectSystem.PropertiesMonitor","host":"dotnet","hostId":"C94B8CFE-E3FD-4BAF-A941-2866DBB566FE","serviceBaseDirectory":"/Users/sebokoh/.vscode/extensions/ms-dotnettools.dotnet-maui-1.10.18-darwin-x64/dist/components/MicrosoftVisualStudioMauiProjectSystem","entryPoint":{"assemblyPath":"/Users/sebokoh/.vscode/extensions/ms-dotnettools.dotnet-maui-1.10.18-darwin-x64/dist/components/MicrosoftVisualStudioMauiProjectSystem/Microsoft.VisualStudio.Maui.ProjectSystem.dll","fullClassName":"Microsoft.VisualStudio.Maui.ProjectSystem.PropertiesMonitorFactory"}},{"ActivationArguments":{"__servicehub__ServiceHubRemoteServiceBrokerPipeName":"/Users/sebokoh/.ServiceHub/db1af26902/02e0d2e074","__servicehub__RequestedServiceVersion":"0.1"},"ClientCredentials":{},"ClientCulture":"ko","ClientUICulture":"ko"}]}
10/06/2025 08:08:51 대한민국 표준시 : Information : CLR host received start request for service 'Microsoft.VisualStudio.Maui.ProjectSystem.PropertiesMonitor'
10/06/2025 08:08:51 대한민국 표준시 : Information : Loading service module assembly '/Users/sebokoh/.vscode/extensions/ms-dotnettools.dotnet-maui-1.10.18-darwin-x64/dist/components/MicrosoftVisualStudioMauiProjectSystem/Microsoft.VisualStudio.Maui.ProjectSystem.dll' from '/Users/sebokoh/.vscode/extensions/ms-dotnettools.dotnet-maui-1.10.18-darwin-x64/dist/components/MicrosoftVisualStudioMauiProjectSystem'
10/06/2025 08:08:51 대한민국 표준시 : Information : Starting service module 'Microsoft.VisualStudio.Maui.ProjectSystem.PropertiesMonitor'. Class: Microsoft.VisualStudio.Maui.ProjectSystem.PropertiesMonitorFactory, Supported Version: 
10/06/2025 08:08:51 대한민국 표준시 : Information : Started service 'Microsoft.VisualStudio.Maui.ProjectSystem.PropertiesMonitor'. Pipe name: /Users/sebokoh/.ServiceHub/db1af26902/3b87e96c7b, Supported Version: 
10/06/2025 08:08:51 대한민국 표준시 : Information : hubHostClr write: Content-Length: 84

{"jsonrpc":"2.0","id":7,"result":"/Users/sebokoh/.ServiceHub/db1af26902/3b87e96c7b"}
10/06/2025 08:08:51 대한민국 표준시 : Information : A new client connected to CLR service module 'Microsoft.VisualStudio.Maui.ProjectSystem.PropertiesMonitor'
10/06/2025 08:08:51 대한민국 표준시 : Information : Found FactoryVersion=Version2 for service : Microsoft.VisualStudio.Maui.ProjectSystem.PropertiesMonitor.
10/06/2025 08:08:51 대한민국 표준시 : Information : Service 'Microsoft.VisualStudio.Maui.ProjectSystem.PropertiesMonitorFactory' implements IServiceHubServiceFactory. Creating factory instance and caching it.
10/06/2025 08:08:51 대한민국 표준시 : Information : hubHostClr read: Content-Length: 923

{"jsonrpc":"2.0","id":8,"method":"StartServiceAsync","params":[{"name":"Microsoft.VisualStudio.Maui.ProjectSystem.MauiLaunchInformationService","host":"dotnet","hostId":"C94B8CFE-E3FD-4BAF-A941-2866DBB566FE","serviceBaseDirectory":"/Users/sebokoh/.vscode/extensions/ms-dotnettools.dotnet-maui-1.10.18-darwin-x64/dist/components/MicrosoftVisualStudioMauiProjectSystem","entryPoint":{"assemblyPath":"/Users/sebokoh/.vscode/extensions/ms-dotnettools.dotnet-maui-1.10.18-darwin-x64/dist/components/MicrosoftVisualStudioMauiProjectSystem/Microsoft.VisualStudio.Maui.ProjectSystem.dll","fullClassName":"Microsoft.VisualStudio.Maui.ProjectSystem.MauiLaunchInformationServiceFactory"}},{"ActivationArguments":{"__servicehub__ServiceHubRemoteServiceBrokerPipeName":"/Users/sebokoh/.ServiceHub/db1af26902/e825df7199","__servicehub__RequestedServiceVersion":"0.1"},"ClientCredentials":{},"ClientCulture":"ko","ClientUICulture":"ko"}]}
10/06/2025 08:08:51 대한민국 표준시 : Information : CLR host received start request for service 'Microsoft.VisualStudio.Maui.ProjectSystem.MauiLaunchInformationService'
10/06/2025 08:08:51 대한민국 표준시 : Information : Loading service module assembly '/Users/sebokoh/.vscode/extensions/ms-dotnettools.dotnet-maui-1.10.18-darwin-x64/dist/components/MicrosoftVisualStudioMauiProjectSystem/Microsoft.VisualStudio.Maui.ProjectSystem.dll' from '/Users/sebokoh/.vscode/extensions/ms-dotnettools.dotnet-maui-1.10.18-darwin-x64/dist/components/MicrosoftVisualStudioMauiProjectSystem'
10/06/2025 08:08:51 대한민국 표준시 : Information : Starting service module 'Microsoft.VisualStudio.Maui.ProjectSystem.MauiLaunchInformationService'. Class: Microsoft.VisualStudio.Maui.ProjectSystem.MauiLaunchInformationServiceFactory, Supported Version: 
10/06/2025 08:08:51 대한민국 표준시 : Information : Started service 'Microsoft.VisualStudio.Maui.ProjectSystem.MauiLaunchInformationService'. Pipe name: /Users/sebokoh/.ServiceHub/db1af26902/3e5e2cef56, Supported Version: 
10/06/2025 08:08:51 대한민국 표준시 : Information : Creating service Microsoft.VisualStudio.Maui.ProjectSystem.PropertiesMonitorFactory from factory with FactoryVersion=Version2 and ClientRequestedVersion=0.1.
10/06/2025 08:08:51 대한민국 표준시 : Information : Setting up RPC connection for service 'Microsoft.VisualStudio.Maui.ProjectSystem.PropertiesMonitorFactory' from factory
10/06/2025 08:08:51 대한민국 표준시 : Information : Failed to find static method for retrieving an internal AuthorizationServiceClient.
10/06/2025 08:08:51 대한민국 표준시 : Information : Completed RPC connection setup for service 'Microsoft.VisualStudio.Maui.UtilServiceFactory' from factory
10/06/2025 08:08:51 대한민국 표준시 : Information : Completed RPC connection setup for service 'Microsoft.VisualStudio.Maui.Devices.AndroidDeviceManagerFactory' from factory
10/06/2025 08:08:51 대한민국 표준시 : Information : hubHostClr write: Content-Length: 84

{"jsonrpc":"2.0","id":8,"result":"/Users/sebokoh/.ServiceHub/db1af26902/3e5e2cef56"}
10/06/2025 08:08:51 대한민국 표준시 : Information : Completed RPC connection setup for service 'Microsoft.VisualStudio.TestWindow.VSCode.Service.TestWindowVSCodeServiceFactory' from factory
10/06/2025 08:08:51 대한민국 표준시 : Information : Completed RPC connection setup for service 'Microsoft.VisualStudio.Maui.Devices.AppleDeviceManagerFactory' from factory
10/06/2025 08:08:51 대한민국 표준시 : Information : A new client connected to CLR service module 'Microsoft.VisualStudio.Maui.ProjectSystem.MauiLaunchInformationService'
10/06/2025 08:08:51 대한민국 표준시 : Information : Found FactoryVersion=Version2 for service : Microsoft.VisualStudio.Maui.ProjectSystem.MauiLaunchInformationService.
10/06/2025 08:08:51 대한민국 표준시 : Information : Service 'Microsoft.VisualStudio.Maui.ProjectSystem.MauiLaunchInformationServiceFactory' implements IServiceHubServiceFactory. Creating factory instance and caching it.
10/06/2025 08:08:51 대한민국 표준시 : Information : Completed RPC connection setup for service 'Microsoft.VisualStudio.Maui.ProjectSystem.PropertiesMonitorFactory' from factory
10/06/2025 08:08:51 대한민국 표준시 : Information : Creating service Microsoft.VisualStudio.Maui.ProjectSystem.MauiLaunchInformationServiceFactory from factory with FactoryVersion=Version2 and ClientRequestedVersion=0.1.
10/06/2025 08:08:51 대한민국 표준시 : Information : Setting up RPC connection for service 'Microsoft.VisualStudio.Maui.ProjectSystem.MauiLaunchInformationServiceFactory' from factory
10/06/2025 08:08:51 대한민국 표준시 : Information : Failed to find static method for retrieving an internal AuthorizationServiceClient.
10/06/2025 08:08:51 대한민국 표준시 : Information : Completed RPC connection setup for service 'Microsoft.VisualStudio.Maui.ProjectSystem.MauiLaunchInformationServiceFactory' from factory
10/06/2025 08:08:54 대한민국 표준시 : Information : hubHostClr read: Content-Length: 1083

{"jsonrpc":"2.0","id":9,"method":"StartServiceAsync","params":[{"name":"Microsoft.VisualStudio.TestWindow.VSCode.ProjectSystemProvider.Service","host":"dotnet","hostId":"C94B8CFE-E3FD-4BAF-A941-2866DBB566FE","serviceBaseDirectory":"/Users/sebokoh/.vscode/extensions/ms-dotnettools.csdevkit-1.50.51-darwin-x64/components/VSUnitTesting/platforms/darwin-x64/node_modules/@microsoft/visualstudio-testwindow-vscode-service.darwin-x64","entryPoint":{"assemblyPath":"/Users/sebokoh/.vscode/extensions/ms-dotnettools.csdevkit-1.50.51-darwin-x64/components/VSUnitTesting/platforms/darwin-x64/node_modules/@microsoft/visualstudio-testwindow-vscode-service.darwin-x64/Microsoft.VisualStudio.TestWindow.VSCode.Service.dll","fullClassName":"Microsoft.VisualStudio.TestWindow.VSCode.ProjectSystemProvider.Service.ProjectSystemProviderServiceFactory"}},{"ActivationArguments":{"__servicehub__ServiceHubRemoteServiceBrokerPipeName":"/Users/sebokoh/.ServiceHub/db1af26902/2e0daafed9","__servicehub__RequestedServiceVersion":"0.1"},"ClientCredentials":{},"ClientCulture":"ko","ClientUICulture":"ko"}]}
10/06/2025 08:08:54 대한민국 표준시 : Information : CLR host received start request for service 'Microsoft.VisualStudio.TestWindow.VSCode.ProjectSystemProvider.Service'
10/06/2025 08:08:54 대한민국 표준시 : Information : Loading service module assembly '/Users/sebokoh/.vscode/extensions/ms-dotnettools.csdevkit-1.50.51-darwin-x64/components/VSUnitTesting/platforms/darwin-x64/node_modules/@microsoft/visualstudio-testwindow-vscode-service.darwin-x64/Microsoft.VisualStudio.TestWindow.VSCode.Service.dll' from '/Users/sebokoh/.vscode/extensions/ms-dotnettools.csdevkit-1.50.51-darwin-x64/components/VSUnitTesting/platforms/darwin-x64/node_modules/@microsoft/visualstudio-testwindow-vscode-service.darwin-x64'
10/06/2025 08:08:54 대한민국 표준시 : Information : Starting service module 'Microsoft.VisualStudio.TestWindow.VSCode.ProjectSystemProvider.Service'. Class: Microsoft.VisualStudio.TestWindow.VSCode.ProjectSystemProvider.Service.ProjectSystemProviderServiceFactory, Supported Version: 
10/06/2025 08:08:54 대한민국 표준시 : Information : Started service 'Microsoft.VisualStudio.TestWindow.VSCode.ProjectSystemProvider.Service'. Pipe name: /Users/sebokoh/.ServiceHub/db1af26902/4b937eaa30, Supported Version: 
10/06/2025 08:08:54 대한민국 표준시 : Information : hubHostClr write: Content-Length: 84

{"jsonrpc":"2.0","id":9,"result":"/Users/sebokoh/.ServiceHub/db1af26902/4b937eaa30"}
10/06/2025 08:08:54 대한민국 표준시 : Information : A new client connected to CLR service module 'Microsoft.VisualStudio.TestWindow.VSCode.ProjectSystemProvider.Service'
10/06/2025 08:08:54 대한민국 표준시 : Information : Found FactoryVersion=Version2 for service : Microsoft.VisualStudio.TestWindow.VSCode.ProjectSystemProvider.Service.
10/06/2025 08:08:54 대한민국 표준시 : Information : Service 'Microsoft.VisualStudio.TestWindow.VSCode.ProjectSystemProvider.Service.ProjectSystemProviderServiceFactory' implements IServiceHubServiceFactory. Creating factory instance and caching it.
10/06/2025 08:08:54 대한민국 표준시 : Information : Creating service Microsoft.VisualStudio.TestWindow.VSCode.ProjectSystemProvider.Service.ProjectSystemProviderServiceFactory from factory with FactoryVersion=Version2 and ClientRequestedVersion=0.1.
10/06/2025 08:08:54 대한민국 표준시 : Information : Setting up RPC connection for service 'Microsoft.VisualStudio.TestWindow.VSCode.ProjectSystemProvider.Service.ProjectSystemProviderServiceFactory' from factory
10/06/2025 08:08:54 대한민국 표준시 : Information : Failed to find static method for retrieving an internal AuthorizationServiceClient.
10/06/2025 08:08:54 대한민국 표준시 : Information : Completed RPC connection setup for service 'Microsoft.VisualStudio.TestWindow.VSCode.ProjectSystemProvider.Service.ProjectSystemProviderServiceFactory' from factory
10/06/2025 08:16:05 대한민국 표준시 : Information : Checking if 'Microsoft.VisualStudio.Maui.Devices.AndroidDeviceManagerFactory' implements Microsoft.VisualStudio.Threading.IAsyncDisposable.
10/06/2025 08:16:05 대한민국 표준시 : Information : Checking if 'Microsoft.VisualStudio.Maui.Devices.AndroidDeviceManagerFactory' implements System.IAsyncDisposable.
10/06/2025 08:16:05 대한민국 표준시 : Information : Checking if 'Microsoft.VisualStudio.Maui.Devices.AndroidDeviceManagerFactory' implements System.IDisposable.
10/06/2025 08:16:05 대한민국 표준시 : Information : Checking if 'Microsoft.VisualStudio.Maui.ProjectSystem.PropertiesMonitorFactory' implements Microsoft.VisualStudio.Threading.IAsyncDisposable.
10/06/2025 08:16:05 대한민국 표준시 : Information : Checking if 'Microsoft.VisualStudio.Maui.UtilServiceFactory' implements Microsoft.VisualStudio.Threading.IAsyncDisposable.
10/06/2025 08:16:05 대한민국 표준시 : Information : Checking if 'Microsoft.VisualStudio.Maui.UtilServiceFactory' implements System.IAsyncDisposable.
10/06/2025 08:16:05 대한민국 표준시 : Information : Checking if 'Microsoft.VisualStudio.Maui.UtilServiceFactory' implements System.IDisposable.
10/06/2025 08:16:05 대한민국 표준시 : Information : Checking if 'Microsoft.VisualStudio.TestWindow.VSCode.Service.TestWindowVSCodeServiceFactory' implements Microsoft.VisualStudio.Threading.IAsyncDisposable.
10/06/2025 08:16:05 대한민국 표준시 : Information : Checking if 'Microsoft.VisualStudio.TestWindow.VSCode.Service.TestWindowVSCodeServiceFactory' implements System.IAsyncDisposable.
10/06/2025 08:16:05 대한민국 표준시 : Information : Checking if 'Microsoft.VisualStudio.TestWindow.VSCode.Service.TestWindowVSCodeServiceFactory' implements System.IDisposable.
10/06/2025 08:16:05 대한민국 표준시 : Information : Checking if 'Microsoft.VisualStudio.Maui.ProjectSystem.PropertiesMonitorFactory' implements System.IAsyncDisposable.
10/06/2025 08:16:05 대한민국 표준시 : Information : Checking if 'Microsoft.VisualStudio.Maui.ProjectSystem.MauiLaunchInformationServiceFactory' implements Microsoft.VisualStudio.Threading.IAsyncDisposable.
10/06/2025 08:16:05 대한민국 표준시 : Information : Checking if 'Microsoft.VisualStudio.Maui.ProjectSystem.MauiLaunchInformationServiceFactory' implements System.IAsyncDisposable.
10/06/2025 08:16:05 대한민국 표준시 : Information : Checking if 'Microsoft.VisualStudio.Maui.ProjectSystem.MauiLaunchInformationServiceFactory' implements System.IDisposable.
10/06/2025 08:16:05 대한민국 표준시 : Information : Checking if 'Microsoft.VisualStudio.Maui.Devices.AppleDeviceManagerFactory' implements Microsoft.VisualStudio.Threading.IAsyncDisposable.
10/06/2025 08:16:05 대한민국 표준시 : Information : Checking if 'Microsoft.VisualStudio.Maui.Devices.AppleDeviceManagerFactory' implements System.IAsyncDisposable.
10/06/2025 08:16:05 대한민국 표준시 : Information : Checking if 'Microsoft.VisualStudio.Maui.Devices.AppleDeviceManagerFactory' implements System.IDisposable.
10/06/2025 08:16:05 대한민국 표준시 : Information : Checking if 'Microsoft.VisualStudio.Maui.ProjectSystem.PropertiesMonitorFactory' implements System.IDisposable.
10/06/2025 08:16:05 대한민국 표준시 : Information : Checking if 'Microsoft.VisualStudio.TestWindow.VSCode.ProjectSystemProvider.Service.ProjectSystemProviderServiceFactory' implements Microsoft.VisualStudio.Threading.IAsyncDisposable.
10/06/2025 08:16:05 대한민국 표준시 : Information : Checking if 'Microsoft.VisualStudio.TestWindow.VSCode.ProjectSystemProvider.Service.ProjectSystemProviderServiceFactory' implements System.IAsyncDisposable.
10/06/2025 08:16:05 대한민국 표준시 : Information : Checking if 'Microsoft.VisualStudio.TestWindow.VSCode.ProjectSystemProvider.Service.ProjectSystemProviderServiceFactory' implements System.IDisposable.
10/06/2025 08:16:05 대한민국 표준시 : Information : hubHostClr write: Content-Length: 108

{"jsonrpc":"2.0","method":"HostServicesEndedAsync","params":["dotnet$C94B8CFE-E3FD-4BAF-A941-2866DBB566FE"]}
10/06/2025 08:16:05 대한민국 표준시 : Information : hubHostClr read: end of stream
10/06/2025 08:16:05 대한민국 표준시 : Error : Disconnected hubHostClr RemotePartyTerminated error: : 스트림 끝에 도달했습니다. at 
10/06/2025 08:16:05 대한민국 표준시 : Error : Controller callback pipe is connected: 'False'
    Controller callback pipe has reached the end: 'True'
    Controller callback pipe has been disposed: 'False'
    JsonRpc object is disposed: 'False'
    MessageHandler is disposed: 'False'
    Reason: 'RemotePartyTerminated'
    Description: '스트림 끝에 도달했습니다.'
    Host is disposed: 'False'

