10/06/2025 10:29:53 대한민국 표준시 : Information : Local timezone is (UTC+09:00) 대한민국 표준시 (서울)
10/06/2025 10:29:53 대한민국 표준시 : Information : Microsoft.VisualStudio.ProjectSystem.Query.Remoting.QueryExecutionService read: Content-Length: 2117

{"jsonrpc":"2.0","id":0,"method":"SubscribeQueryResultsAsync","params":["{\"context\":\"Projects\",\"query\":{\"$properties\":[\"Id\",\"Name\",\"Path\",\"Capabilities\",\"Configurations\",\"ActiveConfigurations\"],\"Configurations\":{\"$properties\":[\"Id\",\"Name\",\"Capabilities\",\"Properties\"],\"Properties\":{\"$properties\":[\"Id\",\"Name\",\"Value\"],\"$filter\":{\"PropertiesByName\":[{\"PropertySourceType\":0},[\"TargetFramework\",\"NETCoreSDKVersion\",\"MSBuildExtensionsPath\",\"NetCoreRoot\",\"MauiWorkloadVersion\",\"AndroidSdkDirectory\",\"JavaSdkDirectory\",\"AndroidIncludeDebugSymbols\",\"DebugSymbols\",\"_MLaunchPath\",\"AppBundleDir\",\"_SdkDevPath\",\"ForceSimulatorX64ArchitectureInIDE\",\"TargetPath\",\"OutputType\",\"RuntimeIdentifier\",\"ApplicationId\",\"IntermediateOutputPath\"]]},\"$where\":{\"&&\":[{\"!=\":[{\".\":\"Value\"},null]},{\"!=\":[{\".\":\"Value\"},\"\"]}]}},\"$where\":{\"||\":[{\"includes\":[{\".\":\"Capabilities\"},\"Apple\"]},{\"includes\":[{\".\":\"Capabilities\"},\"Android\"]},{\"includes\":[{\".\":\"Capabilities\"},\"Msix\"]}]}},\"ActiveConfigurations\":{\"$properties\":[\"Id\",\"Name\",\"Capabilities\",\"Properties\"],\"Properties\":{\"$properties\":[\"Id\",\"Name\",\"Value\"],\"$filter\":{\"PropertiesByName\":[{\"PropertySourceType\":0},[\"TargetFramework\",\"NETCoreSDKVersion\",\"MSBuildExtensionsPath\",\"NetCoreRoot\",\"MauiWorkloadVersion\",\"AndroidSdkDirectory\",\"JavaSdkDirectory\",\"AndroidIncludeDebugSymbols\",\"DebugSymbols\",\"_MLaunchPath\",\"AppBundleDir\",\"_SdkDevPath\",\"ForceSimulatorX64ArchitectureInIDE\",\"TargetPath\",\"OutputType\",\"RuntimeIdentifier\",\"ApplicationId\",\"IntermediateOutputPath\"]]},\"$where\":{\"&&\":[{\"!=\":[{\".\":\"Value\"},null]},{\"!=\":[{\".\":\"Value\"},\"\"]}]}},\"$where\":{\"||\":[{\"includes\":[{\".\":\"Capabilities\"},\"Apple\"]},{\"includes\":[{\".\":\"Capabilities\"},\"Android\"]},{\"includes\":[{\".\":\"Capabilities\"},\"Msix\"]}]}},\"$filter\":{\"ProjectsByCapabilities\":[\"Android | Apple | Maui | UseMaui | UseMauiCore\"]}}}",{"__jsonrpc_marshaled":1,"handle":1,"lifetime":"explicit"}]}
10/06/2025 10:29:53 대한민국 표준시 : Information : Added local RPC method "ExecuteQueryAsync" -> Microsoft.VisualStudio.ProjectSystem.Server.QueryExecutionServiceFactory+QueryExecutionServiceShim.ExecuteQueryAsync(String, CancellationToken) (Microsoft.VisualStudio.ProjectSystem.Server.QueryExecutionServiceFactory+QueryExecutionServiceShim)
10/06/2025 10:29:53 대한민국 표준시 : Information : Added local RPC method "ExecuteRemoteExecutableAsync" -> Microsoft.VisualStudio.ProjectSystem.Server.QueryExecutionServiceFactory+QueryExecutionServiceShim.ExecuteRemoteExecutableAsync(String, CancellationToken) (Microsoft.VisualStudio.ProjectSystem.Server.QueryExecutionServiceFactory+QueryExecutionServiceShim)
10/06/2025 10:29:53 대한민국 표준시 : Information : Added local RPC method "GetServiceIdentityAsync" -> Microsoft.VisualStudio.ProjectSystem.Server.QueryExecutionServiceFactory+QueryExecutionServiceShim.GetServiceIdentityAsync(CancellationToken) (Microsoft.VisualStudio.ProjectSystem.Server.QueryExecutionServiceFactory+QueryExecutionServiceShim)
10/06/2025 10:29:53 대한민국 표준시 : Information : Added local RPC method "QueryAsync" -> Microsoft.VisualStudio.ProjectSystem.Server.QueryExecutionServiceFactory+QueryExecutionServiceShim.QueryAsync(String, CancellationToken) (Microsoft.VisualStudio.ProjectSystem.Server.QueryExecutionServiceFactory+QueryExecutionServiceShim)
10/06/2025 10:29:53 대한민국 표준시 : Information : Added local RPC method "SubscribeQueryResultsAsync" -> Microsoft.VisualStudio.ProjectSystem.Server.QueryExecutionServiceFactory+QueryExecutionServiceShim.SubscribeQueryResultsAsync(String, IObserver`1, CancellationToken) (Microsoft.VisualStudio.ProjectSystem.Server.QueryExecutionServiceFactory+QueryExecutionServiceShim)
10/06/2025 10:29:53 대한민국 표준시 : Information : Added local RPC method "TrackQueryUpdatesAsync" -> Microsoft.VisualStudio.ProjectSystem.Server.QueryExecutionServiceFactory+QueryExecutionServiceShim.TrackQueryUpdatesAsync(String, IObserver`1, CancellationToken) (Microsoft.VisualStudio.ProjectSystem.Server.QueryExecutionServiceFactory+QueryExecutionServiceShim)
10/06/2025 10:29:53 대한민국 표준시 : Information : Added local RPC method "Dispose" -> Microsoft.VisualStudio.ProjectSystem.OnceInitializedOnceDisposedAsync.Dispose() (Microsoft.VisualStudio.ProjectSystem.Server.QueryExecutionServiceFactory+QueryExecutionServiceShim)
10/06/2025 10:29:53 대한민국 표준시 : Information : Added local RPC method "DisposeAsync" -> Microsoft.VisualStudio.ProjectSystem.OnceInitializedOnceDisposedAsync.DisposeAsync() (Microsoft.VisualStudio.ProjectSystem.Server.QueryExecutionServiceFactory+QueryExecutionServiceShim)
10/06/2025 10:29:53 대한민국 표준시 : Information : Added local RPC method "ExecuteQuery" -> Microsoft.VisualStudio.ProjectSystem.Server.QueryExecutionServiceFactory+QueryExecutionServiceShim.ExecuteQueryAsync(String, CancellationToken) (Microsoft.VisualStudio.ProjectSystem.Server.QueryExecutionServiceFactory+QueryExecutionServiceShim)
10/06/2025 10:29:53 대한민국 표준시 : Information : Added local RPC method "ExecuteRemoteExecutable" -> Microsoft.VisualStudio.ProjectSystem.Server.QueryExecutionServiceFactory+QueryExecutionServiceShim.ExecuteRemoteExecutableAsync(String, CancellationToken) (Microsoft.VisualStudio.ProjectSystem.Server.QueryExecutionServiceFactory+QueryExecutionServiceShim)
10/06/2025 10:29:53 대한민국 표준시 : Information : Added local RPC method "GetServiceIdentity" -> Microsoft.VisualStudio.ProjectSystem.Server.QueryExecutionServiceFactory+QueryExecutionServiceShim.GetServiceIdentityAsync(CancellationToken) (Microsoft.VisualStudio.ProjectSystem.Server.QueryExecutionServiceFactory+QueryExecutionServiceShim)
10/06/2025 10:29:53 대한민국 표준시 : Information : Added local RPC method "Query" -> Microsoft.VisualStudio.ProjectSystem.Server.QueryExecutionServiceFactory+QueryExecutionServiceShim.QueryAsync(String, CancellationToken) (Microsoft.VisualStudio.ProjectSystem.Server.QueryExecutionServiceFactory+QueryExecutionServiceShim)
10/06/2025 10:29:53 대한민국 표준시 : Information : Added local RPC method "SubscribeQueryResults" -> Microsoft.VisualStudio.ProjectSystem.Server.QueryExecutionServiceFactory+QueryExecutionServiceShim.SubscribeQueryResultsAsync(String, IObserver`1, CancellationToken) (Microsoft.VisualStudio.ProjectSystem.Server.QueryExecutionServiceFactory+QueryExecutionServiceShim)
10/06/2025 10:29:53 대한민국 표준시 : Information : Added local RPC method "TrackQueryUpdates" -> Microsoft.VisualStudio.ProjectSystem.Server.QueryExecutionServiceFactory+QueryExecutionServiceShim.TrackQueryUpdatesAsync(String, IObserver`1, CancellationToken) (Microsoft.VisualStudio.ProjectSystem.Server.QueryExecutionServiceFactory+QueryExecutionServiceShim)
10/06/2025 10:29:53 대한민국 표준시: Information : 3 :Listening started.
10/06/2025 10:29:53 대한민국 표준시: Information : 7 :{"id":0,"method":"SubscribeQueryResultsAsync"}
10/06/2025 10:29:53 대한민국 표준시: Information : 6 :Received request "0" for method "SubscribeQueryResultsAsync".
10/06/2025 10:29:53 대한민국 표준시: Information : 9 :Invoking Microsoft.VisualStudio.ProjectSystem.Server.QueryExecutionServiceFactory+QueryExecutionServiceShim.SubscribeQueryResultsAsync(String, IObserver`1, CancellationToken)
10/06/2025 10:29:53 대한민국 표준시 : Start : SubscribeQueryResultsAsync
10/06/2025 10:29:54 대한민국 표준시 : Stop : SubscribeQueryResultsAsync
10/06/2025 10:29:54 대한민국 표준시 : Information : Added local RPC method "$/invokeProxy/0/dispose" -> System.IDisposable.Dispose() (Microsoft.VisualStudio.ProjectSystem.AsyncSubscribe`1[System.String])
10/06/2025 10:29:54 대한민국 표준시: Information : 8 :{"id":0}
10/06/2025 10:29:54 대한민국 표준시 : Information : Microsoft.VisualStudio.ProjectSystem.Query.Remoting.QueryExecutionService write: Content-Length: 70

{"jsonrpc":"2.0","id":0,"result":{"__jsonrpc_marshaled":1,"handle":0}}
10/06/2025 11:43:22 대한민국 표준시 : Information : Microsoft.VisualStudio.ProjectSystem.Query.Remoting.QueryExecutionService read: end of stream
10/06/2025 11:43:22 대한민국 표준시: Information : 13 :Connection closing (RemotePartyTerminated: 스트림 끝에 도달했습니다.). 
10/06/2025 11:43:22 대한민국 표준시 : Information : Waiting for 'Microsoft.VisualStudio.ProjectSystem.Query.Remoting.QueryExecutionService' instance to complete its completionTask.
10/06/2025 11:43:22 대한민국 표준시 : Information : Disposed 'Microsoft.VisualStudio.ProjectSystem.Query.Remoting.QueryExecutionService' via 'completionTask' method.
10/06/2025 11:43:22 대한민국 표준시 : Information : Finishing shutting down service: Microsoft.VisualStudio.ProjectSystem.Query.Remoting.QueryExecutionService.
