10/06/2025 07:55:15 대한민국 표준시 : Information : Local timezone is (UTC+09:00) 대한민국 표준시 (서울)
10/06/2025 07:55:23 대한민국 표준시 : Information : VsHubClient-hubController write: Content-Length: 109

{"jsonrpc":"2.0","id":2,"method":"UpdateClientInfoAsync","params":[{"clientName":"VsHubClient","pid":74624}]}
10/06/2025 07:55:23 대한민국 표준시 : Information : VsHubClient-hubController read: Content-Length: 491

{"jsonrpc":"2.0","id":2,"result":{"ClientWatchServerName":"net.pipe://7468043155","ControllerConfig":{"Executable":"/Users/sebokoh/.vscode/extensions/ms-dotnettools.csdevkit-1.50.51-darwin-x64/components/vs-green-server/platforms/darwin-x64/node_modules/@microsoft/visualstudio-controller.darwin-x64/Microsoft.VisualStudio.Code.ServiceController","Args":["c1bc03c6ed"],"PipeName":"c1bc03c6ed"},"HostsConfig":{"EnableExternalAuthorizationService":false,"RootDir":".","AppConfigFallback":""}}}
10/06/2025 07:55:23 대한민국 표준시 : Information : Connected to Hub Controller's client watch 'net.pipe://7468043155
10/06/2025 07:55:24 대한민국 표준시 : Information : VsHubClient-hubController write: Content-Length: 109

{"jsonrpc":"2.0","id":2,"method":"UpdateClientInfoAsync","params":[{"clientName":"VsHubClient","pid":74624}]}
10/06/2025 07:55:24 대한민국 표준시 : Information : VsHubClient-hubController read: Content-Length: 491

{"jsonrpc":"2.0","id":2,"result":{"ClientWatchServerName":"net.pipe://7468043155","ControllerConfig":{"Executable":"/Users/sebokoh/.vscode/extensions/ms-dotnettools.csdevkit-1.50.51-darwin-x64/components/vs-green-server/platforms/darwin-x64/node_modules/@microsoft/visualstudio-controller.darwin-x64/Microsoft.VisualStudio.Code.ServiceController","Args":["c1bc03c6ed"],"PipeName":"c1bc03c6ed"},"HostsConfig":{"EnableExternalAuthorizationService":false,"RootDir":".","AppConfigFallback":""}}}
10/06/2025 07:55:24 대한민국 표준시 : Information : VsHubClient-hubController write: Content-Length: 14186


10/06/2025 07:55:24 대한민국 표준시 : Information : VsHubClient-hubController write: {"jsonrpc":"2.0","id":3,"method":"RegisterServicesAsync","params":[{"Microsoft.VisualStudio.CpsProjectIconSourceService":{"host":"dotnet.projectSystem","hostId":"C94B8CFE-E3FD-4BAF-A941-2866DBB566FE","serviceBaseDirectory":"/Users/sebokoh/.vscode/extensions/ms-dotnettools.csdevkit-1.50.51-darwin-x64/components/CPS/platforms/darwin-x64/node_modules/@microsoft/visualstudio-projectsystem-server.darwin-x64","entryPoint":{"assemblyPath":"/Users/sebokoh/.vscode/extensions/ms-dotnettools.csdevkit-1.50.51-darwin-x64/components/CPS/platforms/darwin-x64/node_modules/@microsoft/visualstudio-projectsystem-server.darwin-x64/Microsoft.VisualStudio.ProjectSystem.Server.Implementation.dll","fullClassName":"Microsoft.VisualStudio.ProjectSystem.Server.ProjectIconSourceServiceFactory"}},"Microsoft.VisualStudio.LaunchConfigurationService":{"host":"dotnet.projectSystem","hostId":"C94B8CFE-E3FD-4BAF-A941-2866DBB566FE","serviceBaseDirectory":"/Users/sebokoh/.vscode/extensions/ms-dotnettools.csdevkit-1.50.51-darwin-x64/components/CPS/platforms/darwin-x64/node_modules/@microsoft/visualstudio-projectsystem-server.darwin-x64","entryPoint":{"assemblyPath":"/Users/sebokoh/.vscode/extensions/ms-dotnettools.csdevkit-1.50.51-darwin-x64/components/CPS/platforms/darwin-x64/node_modules/@microsoft/visualstudio-projectsystem-server.darwin-x64/Microsoft.VisualStudio.ProjectSystem.Server.Implementation.dll","fullClassName":"Microsoft.VisualStudio.ProjectSystem.Server.LaunchConfigurationServiceFactory"}},"Microsoft.VisualStudio.ProjectSystem.CompositionService":{"host":"dotnet.projectSystem","hostId":"C94B8CFE-E3FD-4BAF-A941-2866DBB566FE","serviceBaseDirectory":"/Users/sebokoh/.vscode/extensions/ms-dotnettools.csdevkit-1.50.51-darwin-x64/components/CPS/platforms/darwin-x64/node_modules/@microsoft/visualstudio-projectsystem-server.darwin-x64","entryPoint":{"assemblyPath":"/Users/sebokoh/.vscode/extensions/ms-dotnettools.csdevkit-1.50.51-darwin-x64/components/CPS/platforms/darwin-x64/node_modules/@microsoft/visualstudio-projectsystem-server.darwin-x64/Microsoft.VisualStudio.ProjectSystem.Server.Implementation.dll","fullClassName":"Microsoft.VisualStudio.ProjectSystem.Server.CompositionServiceFactory"}},"Microsoft.VisualStudio.ProjectSystem.ProjectInitializationStatusService":{"host":"dotnet.projectSystem","hostId":"C94B8CFE-E3FD-4BAF-A941-2866DBB566FE","serviceBaseDirectory":"/Users/sebokoh/.vscode/extensions/ms-dotnettools.csdevkit-1.50.51-darwin-x64/components/CPS/platforms/darwin-x64/node_modules/@microsoft/visualstudio-projectsystem-server.darwin-x64","entryPoint":{"assemblyPath":"/Users/sebokoh/.vscode/extensions/ms-dotnettools.csdevkit-1.50.51-darwin-x64/components/CPS/platforms/darwin-x64/node_modules/@microsoft/visualstudio-projectsystem-server.darwin-x64/Microsoft.VisualStudio.ProjectSystem.Server.Implementation.dll","fullClassName":"Microsoft.VisualStudio.ProjectSystem.Server.ProjectInitializationStatusServiceFactory"}},"Microsoft.VisualStudio.ProjectSystem.ProjectTreeProvider":{"host":"dotnet.projectSystem","hostId":"C94B8CFE-E3FD-4BAF-A941-2866DBB566FE","serviceBaseDirectory":"/Users/sebokoh/.vscode/extensions/ms-dotnettools.csdevkit-1.50.51-darwin-x64/components/CPS/platforms/darwin-x64/node_modules/@microsoft/visualstudio-projectsystem-server.darwin-x64","entryPoint":{"assemblyPath":"/Users/sebokoh/.vscode/extensions/ms-dotnettools.csdevkit-1.50.51-darwin-x64/components/CPS/platforms/darwin-x64/node_modules/@microsoft/visualstudio-projectsystem-server.darwin-x64/Microsoft.VisualStudio.ProjectSystem.Server.Implementation.dll","fullClassName":"Microsoft.VisualStudio.ProjectSystem.Server.ProjectTreeProviderFactory"}},"Microsoft.VisualStudio.ProjectSystem.Query.Remoting.QueryExecutionService":{"host":"dotnet.projectSystem","hostId":"C94B8CFE-E3FD-4BAF-A941-2866DBB566FE","serviceBaseDirectory":"/Users/sebokoh/.vscode/extensions/ms-dotnettools.csdevkit-1.50.51-darwin-x64/components/CPS/platforms/darwin-x64/node_modules/@microsoft/visualstudio-projectsystem-server.darwin-x64","entryPoint":{"assemblyPath":"/Users/sebokoh/.vscode/extensions/ms-dotnettools.csdevkit-1.50.51-darwin-x64/components/CPS/platforms/darwin-x64/node_modules/@microsoft/visualstudio-projectsystem-server.darwin-x64/Microsoft.VisualStudio.ProjectSystem.Server.Implementation.dll","fullClassName":"Microsoft.VisualStudio.ProjectSystem.Server.QueryExecutionServiceFactory"}},"Microsoft.VisualStudio.TestWindow.VSCode.ProjectSystemProvider.Service":{"host":"dotnet","hostId":"C94B8CFE-E3FD-4BAF-A941-2866DBB566FE","serviceBaseDirectory":"/Users/sebokoh/.vscode/extensions/ms-dotnettools.csdevkit-1.50.51-darwin-x64/components/VSUnitTesting/platforms/darwin-x64/node_modules/@microsoft/visualstudio-testwindow-vscode-service.darwin-x64","entryPoint":{"assemblyPath":"/Users/sebokoh/.vscode/extensions/ms-dotnettools.csdevkit-1.50.51-darwin-x64/components/VSUnitTesting/platforms/darwin-x64/node_modules/@microsoft/visualstudio-testwindow-vscode-service.darwin-x64/Microsoft.VisualStudio.TestWindow.VSCode.Service.dll","fullClassName":"Microsoft.VisualStudio.TestWindow.VSCode.ProjectSystemProvider.Service.ProjectSystemProviderServiceFactory"}},"Microsoft.VisualStudio.TestWindow.VSCode.Service":{"host":"dotnet","hostId":"C94B8CFE-E3FD-4BAF-A941-2866DBB566FE","serviceBaseDirectory":"/Users/sebokoh/.vscode/extensions/ms-dotnettools.csdevkit-1.50.51-darwin-x64/components/VSUnitTesting/platforms/darwin-x64/node_modules/@microsoft/visualstudio-testwindow-vscode-service.darwin-x64","entryPoint":{"assemblyPath":"/Users/sebokoh/.vscode/extensions/ms-dotnettools.csdevkit-1.50.51-darwin-x64/components/VSUnitTesting/platforms/darwin-x64/node_modules/@microsoft/visualstudio-testwindow-vscode-service.darwin-x64/Microsoft.VisualStudio.TestWindow.VSCode.Service.dll","fullClassName":"Microsoft.VisualStudio.TestWindow.VSCode.Service.TestWindowVSCodeServiceFactory"}},"Microsoft.VisualStudio.AspireRunSettingService":{"host":"dotnet.projectSystem","hostId":"C94B8CFE-E3FD-4BAF-A941-2866DBB566FE","serviceBaseDirectory":"/Users/sebokoh/.vscode/extensions/ms-dotnettools.csdevkit-1.50.51-darwin-x64/components/WebTools/node_modules/@microsoft/vscode.webtools/Services","entryPoint":{"assemblyPath":"/Users/sebokoh/.vscode/extensions/ms-dotnettools.csdevkit-1.50.51-darwin-x64/components/WebTools/node_modules/@microsoft/vscode.webtools/Services/Microsoft.WebTools.Aspire.VSCode.Services.dll","fullClassName":"Microsoft.WebTools.Aspire.VSCode.Services.AspireRunSettingServiceFactory"},"friendServices":["Microsoft.VisualStudio.ProjectSystem.CompositionService"]},"Microsoft.VisualStudio.AspireServer":{"host":"dotnet.aspireServer","hostId":"C94B8CFE-E3FD-4BAF-A941-2866DBB566FE","serviceBaseDirectory":"/Users/sebokoh/.vscode/extensions/ms-dotnettools.csdevkit-1.50.51-darwin-x64/components/WebTools/node_modules/@microsoft/vscode.webtools/Services","entryPoint":{"assemblyPath":"/Users/sebokoh/.vscode/extensions/ms-dotnettools.csdevkit-1.50.51-darwin-x64/components/WebTools/node_modules/@microsoft/vscode.webtools/Services/Microsoft.WebTools.AspireServer.dll","fullClassName":"Microsoft.WebTools.AspireServer.ServiceFactory"}},"Microsoft.VisualStudio.AspireService":{"host":"dotnet.projectSystem","hostId":"C94B8CFE-E3FD-4BAF-A941-2866DBB566FE","serviceBaseDirectory":"/Users/sebokoh/.vscode/extensions/ms-dotnettools.csdevkit-1.50.51-darwin-x64/components/WebTools/node_modules/@microsoft/vscode.webtools/Services","entryPoint":{"assemblyPath":"/Users/sebokoh/.vscode/extensions/ms-dotnettools.csdevkit-1.50.51-darwin-x64/components/WebTools/node_modules/@microsoft/vscode.webtools/Services/Microsoft.WebTools.Aspire.VSCode.Services.dll","fullClassName":"Microsoft.WebTools.Aspire.VSCode.Services.AspireServiceFactory"},"friendServices":["Microsoft.VisualStudio.ProjectSystem.CompositionService"]},"Microsoft.VisualStudio.Debugger.AspireService":{"host":"dotnet.projectSystem","hostId":"C94B8CFE-E3FD-4BAF-A941-2866DBB566FE","serviceBaseDirectory":"/Users/sebokoh/.vscode/extensions/ms-dotnettools.csdevkit-1.50.51-darwin-x64/components/WebTools/node_modules/@microsoft/vscode.webtools/Services","entryPoint":{"assemblyPath":"/Users/sebokoh/.vscode/extensions/ms-dotnettools.csdevkit-1.50.51-darwin-x64/components/WebTools/node_modules/@microsoft/vscode.webtools/Services/Microsoft.WebTools.Aspire.VSCode.Services.dll","fullClassName":"Microsoft.WebTools.Aspire.VSCode.Services.AspireDebugServiceFactory"},"friendServices":["Microsoft.VisualStudio.ProjectSystem.CompositionService"]},"Microsoft.VisualStudio.WebTools.CssVisualDiagnosticsService":{"host":"dotnet.projectSystem","hostId":"C94B8CFE-E3FD-4BAF-A941-2866DBB566FE","serviceBaseDirectory":"/Users/sebokoh/.vscode/extensions/ms-dotnettools.csdevkit-1.50.51-darwin-x64/components/WebTools/node_modules/@microsoft/vscode.webtools","entryPoint":{"assemblyPath":"/Users/sebokoh/.vscode/extensions/ms-dotnettools.csdevkit-1.50.51-darwin-x64/components/WebTools/node_modules/@microsoft/vscode.webtools/Microsoft.WebTools.ProjectSystem.VSCode.dll","fullClassName":"Microsoft.WebTools.ProjectSystem.VSCode.VisualDiagnostics.CssVisualDiagnosticsFactory"},"friendServices":["Microsoft.VisualStudio.ProjectSystem.CompositionService"]},"Microsoft.VisualStudio.ProjectSystem.DebugTargetFrameworkService":{"host":"dotnet.projectSystem","hostId":"C94B8CFE-E3FD-4BAF-A941-2866DBB566FE","serviceBaseDirectory":"/Users/sebokoh/.vscode/extensions/ms-dotnettools.csdevkit-1.50.51-darwin-x64/components/dotnet-project-system-vscode/node_modules/@microsoft/vscode.projectsystem.managed/Services","entryPoint":{"assemblyPath":"/Users/sebokoh/.vscode/extensions/ms-dotnettools.csdevkit-1.50.51-darwin-x64/components/dotnet-project-system-vscode/node_modules/@microsoft/vscode.projectsystem.managed/Services/Microsoft.ProjectSystem.Managed.VSCode.Services.dll","fullClassName":"Microsoft.VisualStudio.ProjectSystem.Services.DebugTargetFrameworkServiceFactory"},"friendServices":["Microsoft.VisualStudio.ProjectSystem.CompositionService"]},"Microsoft.VisualStudio.ProjectQueryTestService":{"host":"dotnet","hostId":"C94B8CFE-E3FD-4BAF-A941-2866DBB566FE","serviceBaseDirectory":"/Users/sebokoh/.vscode/extensions/ms-dotnettools.csdevkit-1.50.51-darwin-x64/components/vs-green-server/platforms/darwin-x64/node_modules/@microsoft/visualstudio-server-samples-sayhello.darwin-x64","entryPoint":{"assemblyPath":"/Users/sebokoh/.vscode/extensions/ms-dotnettools.csdevkit-1.50.51-darwin-x64/components/vs-green-server/platforms/darwin-x64/node_modules/@microsoft/visualstudio-server-samples-sayhello.darwin-x64/Microsoft.VisualStudio.Samples.SayHello.dll","fullClassName":"Microsoft.VisualStudio.Samples.SayHello.ProjectQueryTestServiceFactory"}},"helloServiceHubDotNetHost":{"host":"dotnet","hostId":"C94B8CFE-E3FD-4BAF-A941-2866DBB566FE","serviceBaseDirectory":"/Users/sebokoh/.vscode/extensions/ms-dotnettools.csdevkit-1.50.51-darwin-x64/components/vs-green-server/platforms/darwin-x64/node_modules/@microsoft/visualstudio-server-samples-sayhello.darwin-x64","entryPoint":{"assemblyPath":"/Users/sebokoh/.vscode/extensions/ms-dotnettools.csdevkit-1.50.51-darwin-x64/components/vs-green-server/platforms/darwin-x64/node_modules/@microsoft/visualstudio-server-samples-sayhello.darwin-x64/Microsoft.VisualStudio.Samples.SayHello.dll","fullClassName":"Microsoft.VisualStudio.Samples.SayHello.HelloWorldFactory"}},"Microsoft.VisualStudio.Maui.Devices.AndroidDeviceManager":{"host":"dotnet","hostId":"C94B8CFE-E3FD-4BAF-A941-2866DBB566FE","serviceBaseDirectory":"/Users/sebokoh/.vscode/extensions/ms-dotnettools.dotnet-maui-1.10.18-darwin-x64/dist/components/MicrosoftVisualStudioMauiDevices","entryPoint":{"assemblyPath":"/Users/sebokoh/.vscode/extensions/ms-dotnettools.dotnet-maui-1.10.18-darwin-x64/dist/components/MicrosoftVisualStudioMauiDevices/Microsoft.VisualStudio.Maui.Devices.dll","fullClassName":"Microsoft.VisualStudio.Maui.Devices.AndroidDeviceManagerFactory"}},"Microsoft.VisualStudio.Maui.Devices.AppleDeviceManager":{"host":"dotnet","hostId":"C94B8CFE-E3FD-4BAF-A941-2866DBB566FE","serviceBaseDirectory":"/Users/sebokoh/.vscode/extensions/ms-dotnettools.dotnet-maui-1.10.18-darwin-x64/dist/components/MicrosoftVisualStudioMauiDevices","entryPoint":{"assemblyPath":"/Users/sebokoh/.vscode/extensions/ms-dotnettools.dotnet-maui-1.10.18-darwin-x64/dist/components/MicrosoftVisualStudioMauiDevices/Microsoft.VisualStudio.Maui.Devices.dll","fullClassName":"Microsoft.VisualStudio.Maui.Devices.AppleDeviceManagerFactory"}},"Microsoft.VisualStudio.Maui.UtilService":{"host":"dotnet","hostId":"C94B8CFE-E3FD-4BAF-A941-2866DBB566FE","serviceBaseDirectory":"/Users/sebokoh/.vscode/extensions/ms-dotnettools.dotnet-maui-1.10.18-darwin-x64/dist/components/MicrosoftVisualStudioMauiDevices","entryPoint":{"assemblyPath":"/Users/sebokoh/.vscode/extensions/ms-dotnettools.dotnet-maui-1.10.18-darwin-x64/dist/components/MicrosoftVisualStudioMauiDevices/Microsoft.VisualStudio.Maui.Devices.dll","fullClassName":"Microsoft.VisualStudio.Maui.UtilServiceFactory"}},"Microsoft.VisualStudio.Maui.ProjectSystem.MauiLaunchInformationService":{"host":"dotnet","hostId":"C94B8CFE-E3FD-4BAF-A941-2866DBB566FE","serviceBaseDirectory":"/Users/sebokoh/.vscode/extensions/ms-dotnettools.dotnet-maui-1.10.18-darwin-x64/dist/components/MicrosoftVisualStudioMauiProjectSystem","entryPoint":{"assemblyPath":"/Users/sebokoh/.vscode/extensions/ms-dotnettools.dotnet-maui-1.10.18-darwin-x64/dist/components/MicrosoftVisualStudioMauiProjectSystem/Microsoft.VisualStudio.Maui.ProjectSystem.dll","fullClassName":"Microsoft.VisualStudio.Maui.ProjectSystem.MauiLaunchInformationServiceFactory"}},"Microsoft.VisualStudio.Maui.ProjectSystem.PropertiesMonitor":{"host":"dotnet","hostId":"C94B8CFE-E3FD-4BAF-A941-2866DBB566FE","serviceBaseDirectory":"/Users/sebokoh/.vscode/extensions/ms-dotnettools.dotnet-maui-1.10.18-darwin-x64/dist/components/MicrosoftVisualStudioMauiProjectSystem","entryPoint":{"assemblyPath":"/Users/sebokoh/.vscode/extensions/ms-dotnettools.dotnet-maui-1.10.18-darwin-x64/dist/components/MicrosoftVisualStudioMauiProjectSystem/Microsoft.VisualStudio.Maui.ProjectSystem.dll","fullClassName":"Microsoft.VisualStudio.Maui.ProjectSystem.PropertiesMonitorFactory"}}}]}
10/06/2025 07:55:25 대한민국 표준시 : Information : VsHubClient-hubController read: Content-Length: 38

{"jsonrpc":"2.0","id":3,"result":null}
10/06/2025 07:55:25 대한민국 표준시 : Information : VsHubClient-hubController write: Content-Length: 333

{"jsonrpc":"2.0","id":3,"method":"requestServiceChannel","params":[{"Name":"Microsoft.VisualStudio.Maui.UtilService","Version":"0.1"},{"ActivationArguments":{"__servicehub__ServiceHubRemoteServiceBrokerPipeName":"/Users/sebokoh/.ServiceHub/c1bc03c6ed/bd2c49377e"},"ClientCredentials":{},"ClientCulture":"ko","ClientUICulture":"ko"}]}Content-Length: 342

{"jsonrpc":"2.0","id":4,"method":"requestServiceChannel","params":[{"Name":"Microsoft.VisualStudio.TestWindow.VSCode.Service","Version":"0.1"},{"ActivationArguments":{"__servicehub__ServiceHubRemoteServiceBrokerPipeName":"/Users/sebokoh/.ServiceHub/c1bc03c6ed/d918c9485b"},"ClientCredentials":{},"ClientCulture":"ko","ClientUICulture":"ko"}]}Content-Length: 327

{"jsonrpc":"2.0","id":5,"method":"requestServiceChannel","params":[{"Name":"Microsoft.VisualStudio.LaunchConfigurationService"},{"ActivationArguments":{"__servicehub__ServiceHubRemoteServiceBrokerPipeName":"/Users/sebokoh/.ServiceHub/c1bc03c6ed/a893f36cc0"},"ClientCredentials":{},"ClientCulture":"ko","ClientUICulture":"ko"}]}Content-Length: 365

{"jsonrpc":"2.0","id":6,"method":"requestServiceChannel","params":[{"Name":"Microsoft.VisualStudio.ProjectSystem.ProjectInitializationStatusService","Version":"0.1"},{"ActivationArguments":{"__servicehub__ServiceHubRemoteServiceBrokerPipeName":"/Users/sebokoh/.ServiceHub/c1bc03c6ed/48d8352665"},"ClientCredentials":{},"ClientCulture":"ko","ClientUICulture":"ko"}]}
10/06/2025 07:55:35 대한민국 표준시 : Information : VsHubClient-hubController read: Content-Length: 164

{"jsonrpc":"2.0","id":4,"result":{"RequestId":"1b61195a-c6b3-44a1-948f-51410f55c315","PipeName":"/Users/sebokoh/.ServiceHub/c1bc03c6ed/8df3ae77fa","IsEmpty":false}}
10/06/2025 07:55:35 대한민국 표준시 : Information : VsHubClient-hubController read: Content-Length: 164

{"jsonrpc":"2.0","id":3,"result":{"RequestId":"1b4163c0-55e9-489a-b5e7-ca4d08723f0a","PipeName":"/Users/sebokoh/.ServiceHub/c1bc03c6ed/8790c6ad61","IsEmpty":false}}
10/06/2025 07:55:35 대한민국 표준시 : Information : VsHubClient-hubController write: Content-Length: 350

{"jsonrpc":"2.0","id":7,"method":"requestServiceChannel","params":[{"Name":"Microsoft.VisualStudio.Maui.Devices.AndroidDeviceManager","Version":"0.1"},{"ActivationArguments":{"__servicehub__ServiceHubRemoteServiceBrokerPipeName":"/Users/sebokoh/.ServiceHub/c1bc03c6ed/a0e7c103f8"},"ClientCredentials":{},"ClientCulture":"ko","ClientUICulture":"ko"}]}
10/06/2025 07:55:35 대한민국 표준시 : Information : Disposing ServiceBroker server '/Users/sebokoh/.ServiceHub/c1bc03c6ed/bd2c49377e'.
10/06/2025 07:55:35 대한민국 표준시 : Information : Microsoft.VisualStudio.Maui.UtilService-RemoteServiceBrokerServer read: Content-Length: 193

{"jsonrpc":"2.0","id":2,"method":"handshake","params":[{"supportedConnections":"IpcPipe","localServiceHost":{"operatingSystem":2,"processArchitecture":1,"runtime":2,"runtimeVersion":"9.0.9"}}]}
10/06/2025 07:55:35 대한민국 표준시 : Information : Microsoft.VisualStudio.Maui.UtilService-RemoteServiceBrokerServer write: Content-Length: 38

{"jsonrpc":"2.0","id":2,"result":null}
10/06/2025 07:55:35 대한민국 표준시 : Information : Disposing ServiceBroker server '/Users/sebokoh/.ServiceHub/c1bc03c6ed/d918c9485b'.
10/06/2025 07:55:35 대한민국 표준시 : Information : VsHubClient-hubController read: Content-Length: 164

{"jsonrpc":"2.0","id":7,"result":{"RequestId":"712473ae-c144-48eb-bd67-ea735f48eef4","PipeName":"/Users/sebokoh/.ServiceHub/c1bc03c6ed/059afaffc5","IsEmpty":false}}
10/06/2025 07:55:35 대한민국 표준시 : Information : Microsoft.VisualStudio.TestWindow.VSCode.Service-RemoteServiceBrokerServer read: Content-Length: 193

{"jsonrpc":"2.0","id":2,"method":"handshake","params":[{"supportedConnections":"IpcPipe","localServiceHost":{"operatingSystem":2,"processArchitecture":1,"runtime":2,"runtimeVersion":"9.0.9"}}]}
10/06/2025 07:55:35 대한민국 표준시 : Information : Microsoft.VisualStudio.TestWindow.VSCode.Service-RemoteServiceBrokerServer write: Content-Length: 38

{"jsonrpc":"2.0","id":2,"result":null}
10/06/2025 07:55:35 대한민국 표준시 : Information : VsHubClient-hubController write: Content-Length: 348

{"jsonrpc":"2.0","id":8,"method":"requestServiceChannel","params":[{"Name":"Microsoft.VisualStudio.Maui.Devices.AppleDeviceManager","Version":"0.1"},{"ActivationArguments":{"__servicehub__ServiceHubRemoteServiceBrokerPipeName":"/Users/sebokoh/.ServiceHub/c1bc03c6ed/70dbe0fd4d"},"ClientCredentials":{},"ClientCulture":"ko","ClientUICulture":"ko"}]}
10/06/2025 07:55:35 대한민국 표준시 : Information : Disposing ServiceBroker server '/Users/sebokoh/.ServiceHub/c1bc03c6ed/a0e7c103f8'.
10/06/2025 07:55:36 대한민국 표준시 : Information : Microsoft.VisualStudio.Maui.Devices.AndroidDeviceManager-RemoteServiceBrokerServer read: Content-Length: 193

{"jsonrpc":"2.0","id":2,"method":"handshake","params":[{"supportedConnections":"IpcPipe","localServiceHost":{"operatingSystem":2,"processArchitecture":1,"runtime":2,"runtimeVersion":"9.0.9"}}]}
10/06/2025 07:55:36 대한민국 표준시 : Information : Microsoft.VisualStudio.Maui.Devices.AndroidDeviceManager-RemoteServiceBrokerServer write: Content-Length: 38

{"jsonrpc":"2.0","id":2,"result":null}
10/06/2025 07:55:36 대한민국 표준시 : Information : VsHubClient-hubController read: Content-Length: 164

{"jsonrpc":"2.0","id":8,"result":{"RequestId":"142aa8af-81f8-4019-9d17-542d15513e6f","PipeName":"/Users/sebokoh/.ServiceHub/c1bc03c6ed/35a924a510","IsEmpty":false}}
10/06/2025 07:55:36 대한민국 표준시 : Information : VsHubClient-hubController write: Content-Length: 353

{"jsonrpc":"2.0","id":9,"method":"requestServiceChannel","params":[{"Name":"Microsoft.VisualStudio.Maui.ProjectSystem.PropertiesMonitor","Version":"0.1"},{"ActivationArguments":{"__servicehub__ServiceHubRemoteServiceBrokerPipeName":"/Users/sebokoh/.ServiceHub/c1bc03c6ed/00523e7bd4"},"ClientCredentials":{},"ClientCulture":"ko","ClientUICulture":"ko"}]}
10/06/2025 07:55:36 대한민국 표준시 : Information : Disposing ServiceBroker server '/Users/sebokoh/.ServiceHub/c1bc03c6ed/70dbe0fd4d'.
10/06/2025 07:55:36 대한민국 표준시 : Information : Microsoft.VisualStudio.Maui.Devices.AppleDeviceManager-RemoteServiceBrokerServer read: Content-Length: 193

{"jsonrpc":"2.0","id":2,"method":"handshake","params":[{"supportedConnections":"IpcPipe","localServiceHost":{"operatingSystem":2,"processArchitecture":1,"runtime":2,"runtimeVersion":"9.0.9"}}]}
10/06/2025 07:55:36 대한민국 표준시 : Information : Microsoft.VisualStudio.Maui.Devices.AppleDeviceManager-RemoteServiceBrokerServer write: Content-Length: 38

{"jsonrpc":"2.0","id":2,"result":null}
10/06/2025 07:55:36 대한민국 표준시 : Information : VsHubClient-hubController read: Content-Length: 164

{"jsonrpc":"2.0","id":9,"result":{"RequestId":"20f12511-5f9f-4b3d-a18d-e456eaae5898","PipeName":"/Users/sebokoh/.ServiceHub/c1bc03c6ed/1f230ce548","IsEmpty":false}}
10/06/2025 07:55:36 대한민국 표준시 : Information : VsHubClient-hubController write: Content-Length: 365

{"jsonrpc":"2.0","id":10,"method":"requestServiceChannel","params":[{"Name":"Microsoft.VisualStudio.Maui.ProjectSystem.MauiLaunchInformationService","Version":"0.1"},{"ActivationArguments":{"__servicehub__ServiceHubRemoteServiceBrokerPipeName":"/Users/sebokoh/.ServiceHub/c1bc03c6ed/017b2b4739"},"ClientCredentials":{},"ClientCulture":"ko","ClientUICulture":"ko"}]}
10/06/2025 07:55:36 대한민국 표준시 : Information : VsHubClient-hubController read: Content-Length: 164

{"jsonrpc":"2.0","id":6,"result":{"RequestId":"35fc81d7-3602-40f4-b7cc-2e74608f8630","PipeName":"/Users/sebokoh/.ServiceHub/c1bc03c6ed/a857decc9f","IsEmpty":false}}
10/06/2025 07:55:36 대한민국 표준시 : Information : VsHubClient-hubController read: Content-Length: 164

{"jsonrpc":"2.0","id":5,"result":{"RequestId":"d3957b18-6eb7-4614-a70a-482196c165bd","PipeName":"/Users/sebokoh/.ServiceHub/c1bc03c6ed/2b68e6de6e","IsEmpty":false}}
10/06/2025 07:55:36 대한민국 표준시 : Information : Disposing ServiceBroker server '/Users/sebokoh/.ServiceHub/c1bc03c6ed/a893f36cc0'.
10/06/2025 07:55:36 대한민국 표준시 : Information : Disposing ServiceBroker server '/Users/sebokoh/.ServiceHub/c1bc03c6ed/48d8352665'.
10/06/2025 07:55:36 대한민국 표준시 : Information : Microsoft.VisualStudio.LaunchConfigurationService-RemoteServiceBrokerServer read: Content-Length: 193

{"jsonrpc":"2.0","id":2,"method":"handshake","params":[{"supportedConnections":"IpcPipe","localServiceHost":{"operatingSystem":2,"processArchitecture":1,"runtime":2,"runtimeVersion":"9.0.9"}}]}
10/06/2025 07:55:36 대한민국 표준시 : Information : Microsoft.VisualStudio.ProjectSystem.ProjectInitializationStatusService-RemoteServiceBrokerServer read: Content-Length: 193

{"jsonrpc":"2.0","id":2,"method":"handshake","params":[{"supportedConnections":"IpcPipe","localServiceHost":{"operatingSystem":2,"processArchitecture":1,"runtime":2,"runtimeVersion":"9.0.9"}}]}
10/06/2025 07:55:36 대한민국 표준시 : Information : Microsoft.VisualStudio.LaunchConfigurationService-RemoteServiceBrokerServer write: Content-Length: 38

{"jsonrpc":"2.0","id":2,"result":null}
10/06/2025 07:55:36 대한민국 표준시 : Information : Microsoft.VisualStudio.ProjectSystem.ProjectInitializationStatusService-RemoteServiceBrokerServer write: Content-Length: 38

{"jsonrpc":"2.0","id":2,"result":null}
10/06/2025 07:55:36 대한민국 표준시 : Information : Microsoft.VisualStudio.Maui.Devices.AndroidDeviceManager-RemoteServiceBrokerServer read: Content-Length: 177

{"jsonrpc":"2.0","id":3,"method":"requestServiceChannel","params":[{"name":"Microsoft.ServiceHub.Framework.AuthorizationService"},{"clientCulture":"ko","clientUICulture":"ko"}]}
10/06/2025 07:55:36 대한민국 표준시 : Information : Microsoft.VisualStudio.Maui.UtilService-RemoteServiceBrokerServer read: Content-Length: 177

{"jsonrpc":"2.0","id":3,"method":"requestServiceChannel","params":[{"name":"Microsoft.ServiceHub.Framework.AuthorizationService"},{"clientCulture":"ko","clientUICulture":"ko"}]}
10/06/2025 07:55:36 대한민국 표준시 : Information : Microsoft.VisualStudio.Maui.UtilService-RemoteServiceBrokerServer write: Content-Length: 181

{"jsonrpc":"2.0","id":3,"result":{"requestId":"973c582d-110e-4552-87f9-e6a4f976ff4a","pipeName":"/var/folders/dd/f2k55d550k56jsv4rd7v1_3m0000gn/T/b2e595c11693481f86e5a582441f8d36"}}
10/06/2025 07:55:36 대한민국 표준시 : Information : Microsoft.VisualStudio.Maui.Devices.AndroidDeviceManager-RemoteServiceBrokerServer write: Content-Length: 181

{"jsonrpc":"2.0","id":3,"result":{"requestId":"ed0dcf01-ad0d-423f-b404-6386a8620d76","pipeName":"/var/folders/dd/f2k55d550k56jsv4rd7v1_3m0000gn/T/5531798f531a4eea815cc806885efeb0"}}
10/06/2025 07:55:36 대한민국 표준시 : Information : Microsoft.VisualStudio.TestWindow.VSCode.Service-RemoteServiceBrokerServer read: Content-Length: 177

{"jsonrpc":"2.0","id":3,"method":"requestServiceChannel","params":[{"name":"Microsoft.ServiceHub.Framework.AuthorizationService"},{"clientCulture":"ko","clientUICulture":"ko"}]}
10/06/2025 07:55:36 대한민국 표준시 : Information : Disposing ServiceBroker server '/Users/sebokoh/.ServiceHub/c1bc03c6ed/00523e7bd4'.
10/06/2025 07:55:36 대한민국 표준시 : Information : VsHubClient-hubController read: Content-Length: 165

{"jsonrpc":"2.0","id":10,"result":{"RequestId":"ea1ade49-cc6e-46e3-bcf5-b054045630fa","PipeName":"/Users/sebokoh/.ServiceHub/c1bc03c6ed/12ab861907","IsEmpty":false}}
10/06/2025 07:55:36 대한민국 표준시 : Information : Microsoft.VisualStudio.TestWindow.VSCode.Service-RemoteServiceBrokerServer write: Content-Length: 181

{"jsonrpc":"2.0","id":3,"result":{"requestId":"b48017a8-d657-4f49-b952-c31848c86773","pipeName":"/var/folders/dd/f2k55d550k56jsv4rd7v1_3m0000gn/T/fe026fd278804e7ca8ac653487ec4a5b"}}
10/06/2025 07:55:36 대한민국 표준시 : Information : VsHubClient-hubController write: Content-Length: 366

{"jsonrpc":"2.0","id":11,"method":"requestServiceChannel","params":[{"Name":"Microsoft.VisualStudio.ProjectSystem.ProjectInitializationStatusService","Version":"0.1"},{"ActivationArguments":{"__servicehub__ServiceHubRemoteServiceBrokerPipeName":"/Users/sebokoh/.ServiceHub/c1bc03c6ed/17d541842f"},"ClientCredentials":{},"ClientCulture":"ko","ClientUICulture":"ko"}]}
10/06/2025 07:55:36 대한민국 표준시 : Information : Microsoft.VisualStudio.Maui.ProjectSystem.PropertiesMonitor-RemoteServiceBrokerServer read: Content-Length: 193

{"jsonrpc":"2.0","id":2,"method":"handshake","params":[{"supportedConnections":"IpcPipe","localServiceHost":{"operatingSystem":2,"processArchitecture":1,"runtime":2,"runtimeVersion":"9.0.9"}}]}
10/06/2025 07:55:36 대한민국 표준시 : Information : Disposing ServiceBroker server '/Users/sebokoh/.ServiceHub/c1bc03c6ed/017b2b4739'.
10/06/2025 07:55:36 대한민국 표준시 : Information : Microsoft.VisualStudio.Maui.Devices.AppleDeviceManager-RemoteServiceBrokerServer read: Content-Length: 177

{"jsonrpc":"2.0","id":3,"method":"requestServiceChannel","params":[{"name":"Microsoft.ServiceHub.Framework.AuthorizationService"},{"clientCulture":"ko","clientUICulture":"ko"}]}
10/06/2025 07:55:36 대한민국 표준시 : Information : Microsoft.VisualStudio.Maui.ProjectSystem.MauiLaunchInformationService-RemoteServiceBrokerServer read: Content-Length: 193

{"jsonrpc":"2.0","id":2,"method":"handshake","params":[{"supportedConnections":"IpcPipe","localServiceHost":{"operatingSystem":2,"processArchitecture":1,"runtime":2,"runtimeVersion":"9.0.9"}}]}
10/06/2025 07:55:36 대한민국 표준시 : Information : Microsoft.VisualStudio.Maui.ProjectSystem.PropertiesMonitor-RemoteServiceBrokerServer write: Content-Length: 38

{"jsonrpc":"2.0","id":2,"result":null}
10/06/2025 07:55:36 대한민국 표준시 : Information : Microsoft.VisualStudio.Maui.ProjectSystem.MauiLaunchInformationService-RemoteServiceBrokerServer write: Content-Length: 38

{"jsonrpc":"2.0","id":2,"result":null}
10/06/2025 07:55:36 대한민국 표준시 : Information : Microsoft.VisualStudio.Maui.Devices.AppleDeviceManager-RemoteServiceBrokerServer write: Content-Length: 181

{"jsonrpc":"2.0","id":3,"result":{"requestId":"9fb4e08b-9de1-4bb5-8ecf-dfbed5b3fc67","pipeName":"/var/folders/dd/f2k55d550k56jsv4rd7v1_3m0000gn/T/07d4b13bda7e41f2b276e161bbfd526b"}}
10/06/2025 07:55:36 대한민국 표준시 : Information : Microsoft.VisualStudio.Maui.ProjectSystem.PropertiesMonitor-RemoteServiceBrokerServer read: Content-Length: 177

{"jsonrpc":"2.0","id":3,"method":"requestServiceChannel","params":[{"name":"Microsoft.ServiceHub.Framework.AuthorizationService"},{"clientCulture":"ko","clientUICulture":"ko"}]}
10/06/2025 07:55:36 대한민국 표준시 : Information : Microsoft.VisualStudio.Maui.ProjectSystem.PropertiesMonitor-RemoteServiceBrokerServer write: Content-Length: 181

{"jsonrpc":"2.0","id":3,"result":{"requestId":"9c8462b5-52b3-436c-b4dd-5d3af5234d64","pipeName":"/var/folders/dd/f2k55d550k56jsv4rd7v1_3m0000gn/T/6cae5e93c45f471094bf842a69da393d"}}
10/06/2025 07:55:36 대한민국 표준시 : Information : Microsoft.VisualStudio.Maui.ProjectSystem.MauiLaunchInformationService-RemoteServiceBrokerServer read: Content-Length: 177

{"jsonrpc":"2.0","id":3,"method":"requestServiceChannel","params":[{"name":"Microsoft.ServiceHub.Framework.AuthorizationService"},{"clientCulture":"ko","clientUICulture":"ko"}]}
10/06/2025 07:55:37 대한민국 표준시 : Information : Microsoft.VisualStudio.Maui.ProjectSystem.MauiLaunchInformationService-RemoteServiceBrokerServer write: Content-Length: 181

{"jsonrpc":"2.0","id":3,"result":{"requestId":"bf4dcb5e-c02f-4203-85cc-6ee2e829308f","pipeName":"/var/folders/dd/f2k55d550k56jsv4rd7v1_3m0000gn/T/6aa69e4407fe4bb29745658b4c7ecd61"}}
10/06/2025 07:55:37 대한민국 표준시 : Information : VsHubClient-hubController read: Content-Length: 165

{"jsonrpc":"2.0","id":11,"result":{"RequestId":"83484a53-b2ac-4d72-994f-af4884f6d7dc","PipeName":"/Users/sebokoh/.ServiceHub/c1bc03c6ed/ecb1be9d4f","IsEmpty":false}}
10/06/2025 07:55:37 대한민국 표준시 : Information : Disposing ServiceBroker server '/Users/sebokoh/.ServiceHub/c1bc03c6ed/17d541842f'.
10/06/2025 07:55:37 대한민국 표준시 : Information : VsHubClient-hubController write: Content-Length: 368

{"jsonrpc":"2.0","id":12,"method":"requestServiceChannel","params":[{"Name":"Microsoft.VisualStudio.ProjectSystem.Query.Remoting.QueryExecutionService","Version":"0.2"},{"ActivationArguments":{"__servicehub__ServiceHubRemoteServiceBrokerPipeName":"/Users/sebokoh/.ServiceHub/c1bc03c6ed/552d9e3c45"},"ClientCredentials":{},"ClientCulture":"ko","ClientUICulture":"ko"}]}
10/06/2025 07:55:37 대한민국 표준시 : Information : Microsoft.VisualStudio.ProjectSystem.ProjectInitializationStatusService-RemoteServiceBrokerServer read: Content-Length: 193

{"jsonrpc":"2.0","id":2,"method":"handshake","params":[{"supportedConnections":"IpcPipe","localServiceHost":{"operatingSystem":2,"processArchitecture":1,"runtime":2,"runtimeVersion":"9.0.9"}}]}
10/06/2025 07:55:37 대한민국 표준시 : Information : Microsoft.VisualStudio.LaunchConfigurationService-RemoteServiceBrokerServer read: Content-Length: 177

{"jsonrpc":"2.0","id":3,"method":"requestServiceChannel","params":[{"name":"Microsoft.ServiceHub.Framework.AuthorizationService"},{"clientCulture":"ko","clientUICulture":"ko"}]}
10/06/2025 07:55:37 대한민국 표준시 : Information : Microsoft.VisualStudio.ProjectSystem.ProjectInitializationStatusService-RemoteServiceBrokerServer write: Content-Length: 38

{"jsonrpc":"2.0","id":2,"result":null}
10/06/2025 07:55:37 대한민국 표준시 : Information : Microsoft.VisualStudio.LaunchConfigurationService-RemoteServiceBrokerServer write: Content-Length: 181

{"jsonrpc":"2.0","id":3,"result":{"requestId":"81a893f1-f471-4f91-ab9d-6eb640585321","pipeName":"/var/folders/dd/f2k55d550k56jsv4rd7v1_3m0000gn/T/fd7f3f90ac8448439596190f62700f07"}}
10/06/2025 07:55:37 대한민국 표준시 : Information : Microsoft.VisualStudio.ProjectSystem.ProjectInitializationStatusService-RemoteServiceBrokerServer read: Content-Length: 177

{"jsonrpc":"2.0","id":3,"method":"requestServiceChannel","params":[{"name":"Microsoft.ServiceHub.Framework.AuthorizationService"},{"clientCulture":"ko","clientUICulture":"ko"}]}
10/06/2025 07:55:37 대한민국 표준시 : Information : VsHubClient-hubController read: Content-Length: 165

{"jsonrpc":"2.0","id":12,"result":{"RequestId":"7ff3892e-15b5-4bd8-b13c-45510e17089c","PipeName":"/Users/sebokoh/.ServiceHub/c1bc03c6ed/59da074b2c","IsEmpty":false}}
10/06/2025 07:55:37 대한민국 표준시 : Information : Microsoft.VisualStudio.ProjectSystem.ProjectInitializationStatusService-RemoteServiceBrokerServer read: Content-Length: 177

{"jsonrpc":"2.0","id":3,"method":"requestServiceChannel","params":[{"name":"Microsoft.ServiceHub.Framework.AuthorizationService"},{"clientCulture":"ko","clientUICulture":"ko"}]}
10/06/2025 07:55:37 대한민국 표준시 : Information : Microsoft.VisualStudio.ProjectSystem.ProjectInitializationStatusService-RemoteServiceBrokerServer write: Content-Length: 181

{"jsonrpc":"2.0","id":3,"result":{"requestId":"9a528c21-7f21-41b7-b9c9-7a4be5415c69","pipeName":"/var/folders/dd/f2k55d550k56jsv4rd7v1_3m0000gn/T/da2a74909b494b0d9a8bfcebddfeaf2d"}}
10/06/2025 07:55:37 대한민국 표준시 : Information : Disposing ServiceBroker server '/Users/sebokoh/.ServiceHub/c1bc03c6ed/552d9e3c45'.
10/06/2025 07:55:37 대한민국 표준시 : Information : Microsoft.VisualStudio.ProjectSystem.Query.Remoting.QueryExecutionService-RemoteServiceBrokerServer read: Content-Length: 193

{"jsonrpc":"2.0","id":2,"method":"handshake","params":[{"supportedConnections":"IpcPipe","localServiceHost":{"operatingSystem":2,"processArchitecture":1,"runtime":2,"runtimeVersion":"9.0.9"}}]}
10/06/2025 07:55:37 대한민국 표준시 : Information : Microsoft.VisualStudio.ProjectSystem.ProjectInitializationStatusService-RemoteServiceBrokerServer write: Content-Length: 181

{"jsonrpc":"2.0","id":3,"result":{"requestId":"7612305a-1dcc-4ff7-bd57-5877962d17db","pipeName":"/var/folders/dd/f2k55d550k56jsv4rd7v1_3m0000gn/T/a7fcc76457a14c9391c8b147e9367c4a"}}
10/06/2025 07:55:37 대한민국 표준시 : Information : Microsoft.VisualStudio.ProjectSystem.Query.Remoting.QueryExecutionService-RemoteServiceBrokerServer write: Content-Length: 38

{"jsonrpc":"2.0","id":2,"result":null}
10/06/2025 07:55:37 대한민국 표준시 : Information : Microsoft.VisualStudio.ProjectSystem.Query.Remoting.QueryExecutionService-RemoteServiceBrokerServer read: Content-Length: 177

{"jsonrpc":"2.0","id":3,"method":"requestServiceChannel","params":[{"name":"Microsoft.ServiceHub.Framework.AuthorizationService"},{"clientCulture":"ko","clientUICulture":"ko"}]}
10/06/2025 07:55:37 대한민국 표준시 : Information : Microsoft.VisualStudio.ProjectSystem.Query.Remoting.QueryExecutionService-RemoteServiceBrokerServer write: Content-Length: 181

{"jsonrpc":"2.0","id":3,"result":{"requestId":"0f6c7290-953d-496f-ab64-c89a43389ed8","pipeName":"/var/folders/dd/f2k55d550k56jsv4rd7v1_3m0000gn/T/865cd927495b4dbcb1cc1d46ca74afaa"}}
10/06/2025 07:55:37 대한민국 표준시 : Information : Microsoft.VisualStudio.LaunchConfigurationService-RemoteServiceBrokerServer read: Content-Length: 197

{"jsonrpc":"2.0","id":4,"method":"requestServiceChannel","params":[{"name":"Microsoft.VisualStudio.ProjectSystem.CompositionService","version":"0.1"},{"clientCulture":"ko","clientUICulture":"ko"}]}
10/06/2025 07:55:37 대한민국 표준시 : Information : VsHubClient-hubController write: Content-Length: 350

{"jsonrpc":"2.0","id":13,"method":"requestServiceChannel","params":[{"Name":"Microsoft.VisualStudio.ProjectSystem.CompositionService","Version":"0.1"},{"ActivationArguments":{"__servicehub__ServiceHubRemoteServiceBrokerPipeName":"/Users/sebokoh/.ServiceHub/c1bc03c6ed/fe1396db72"},"ClientCredentials":{},"ClientCulture":"ko","ClientUICulture":"ko"}]}
10/06/2025 07:55:37 대한민국 표준시 : Information : VsHubClient-hubController read: Content-Length: 165

{"jsonrpc":"2.0","id":13,"result":{"RequestId":"adddc279-e013-4b8d-b5dc-efe590e6ee17","PipeName":"/Users/sebokoh/.ServiceHub/c1bc03c6ed/a315708ba1","IsEmpty":false}}
10/06/2025 07:55:37 대한민국 표준시 : Information : Microsoft.VisualStudio.LaunchConfigurationService-RemoteServiceBrokerServer write: Content-Length: 148

{"jsonrpc":"2.0","id":4,"result":{"requestId":"adddc279-e013-4b8d-b5dc-efe590e6ee17","pipeName":"/Users/sebokoh/.ServiceHub/c1bc03c6ed/a315708ba1"}}
10/06/2025 07:55:37 대한민국 표준시 : Information : Disposing ServiceBroker server '/Users/sebokoh/.ServiceHub/c1bc03c6ed/fe1396db72'.
10/06/2025 07:55:37 대한민국 표준시 : Information : Microsoft.VisualStudio.ProjectSystem.CompositionService-RemoteServiceBrokerServer read: Content-Length: 193

{"jsonrpc":"2.0","id":2,"method":"handshake","params":[{"supportedConnections":"IpcPipe","localServiceHost":{"operatingSystem":2,"processArchitecture":1,"runtime":2,"runtimeVersion":"9.0.9"}}]}
10/06/2025 07:55:37 대한민국 표준시 : Information : Microsoft.VisualStudio.ProjectSystem.CompositionService-RemoteServiceBrokerServer write: Content-Length: 38

{"jsonrpc":"2.0","id":2,"result":null}
10/06/2025 07:55:37 대한민국 표준시 : Information : Microsoft.VisualStudio.ProjectSystem.CompositionService-RemoteServiceBrokerServer read: Content-Length: 177

{"jsonrpc":"2.0","id":3,"method":"requestServiceChannel","params":[{"name":"Microsoft.ServiceHub.Framework.AuthorizationService"},{"clientCulture":"ko","clientUICulture":"ko"}]}
10/06/2025 07:55:37 대한민국 표준시 : Information : Microsoft.VisualStudio.ProjectSystem.CompositionService-RemoteServiceBrokerServer write: Content-Length: 181

{"jsonrpc":"2.0","id":3,"result":{"requestId":"8d372b5a-6f3c-4c08-8420-641bf40a5f82","pipeName":"/var/folders/dd/f2k55d550k56jsv4rd7v1_3m0000gn/T/a1083b674bfe496fbf04ff1dd24f9bc8"}}
10/06/2025 07:55:37 대한민국 표준시 : Information : Microsoft.VisualStudio.ProjectSystem.CompositionService-RemoteServiceBrokerServer read: Content-Length: 188

{"jsonrpc":"2.0","id":4,"method":"requestServiceChannel","params":[{"name":"Microsoft.VisualStudio.ComponentExportsService","version":"0.1"},{"clientCulture":"ko","clientUICulture":"ko"}]}
10/06/2025 07:55:37 대한민국 표준시 : Information : Microsoft.VisualStudio.ProjectSystem.CompositionService-RemoteServiceBrokerServer read: Content-Length: 191

{"jsonrpc":"2.0","id":5,"method":"requestServiceChannel","params":[{"name":"Microsoft.VisualStudio.NoDelay.EnvironmentService","version":"0.1"},{"clientCulture":"ko","clientUICulture":"ko"}]}
10/06/2025 07:55:37 대한민국 표준시 : Information : Microsoft.VisualStudio.ProjectSystem.CompositionService-RemoteServiceBrokerServer write: Content-Length: 181

{"jsonrpc":"2.0","id":4,"result":{"requestId":"496597b2-fcbf-4711-8029-09c14348413f","pipeName":"/var/folders/dd/f2k55d550k56jsv4rd7v1_3m0000gn/T/eb775ca6210644ff98a74c7dd288e067"}}
10/06/2025 07:55:37 대한민국 표준시 : Information : Microsoft.VisualStudio.ProjectSystem.CompositionService-RemoteServiceBrokerServer write: Content-Length: 181

{"jsonrpc":"2.0","id":5,"result":{"requestId":"4b906571-bc4e-4460-b1ce-ac873a116a0a","pipeName":"/var/folders/dd/f2k55d550k56jsv4rd7v1_3m0000gn/T/9d08a3c0ebab445d89c6930e436f9630"}}
10/06/2025 07:55:38 대한민국 표준시 : Information : VsHubClient-hubController write: Content-Length: 365

{"jsonrpc":"2.0","id":14,"method":"requestServiceChannel","params":[{"Name":"Microsoft.VisualStudio.TestWindow.VSCode.ProjectSystemProvider.Service","Version":"0.1"},{"ActivationArguments":{"__servicehub__ServiceHubRemoteServiceBrokerPipeName":"/Users/sebokoh/.ServiceHub/c1bc03c6ed/97dc19a4a5"},"ClientCredentials":{},"ClientCulture":"ko","ClientUICulture":"ko"}]}
10/06/2025 07:55:38 대한민국 표준시 : Information : VsHubClient-hubController read: Content-Length: 165

{"jsonrpc":"2.0","id":14,"result":{"RequestId":"165f11c9-b9b5-4e59-a5e0-e1ce45aadc60","PipeName":"/Users/sebokoh/.ServiceHub/c1bc03c6ed/39f2f031bf","IsEmpty":false}}
10/06/2025 07:55:38 대한민국 표준시 : Information : Disposing ServiceBroker server '/Users/sebokoh/.ServiceHub/c1bc03c6ed/97dc19a4a5'.
10/06/2025 07:55:38 대한민국 표준시 : Information : Microsoft.VisualStudio.TestWindow.VSCode.ProjectSystemProvider.Service-RemoteServiceBrokerServer read: Content-Length: 193

{"jsonrpc":"2.0","id":2,"method":"handshake","params":[{"supportedConnections":"IpcPipe","localServiceHost":{"operatingSystem":2,"processArchitecture":1,"runtime":2,"runtimeVersion":"9.0.9"}}]}
10/06/2025 07:55:38 대한민국 표준시 : Information : Microsoft.VisualStudio.TestWindow.VSCode.ProjectSystemProvider.Service-RemoteServiceBrokerServer write: Content-Length: 38

{"jsonrpc":"2.0","id":2,"result":null}
10/06/2025 07:55:38 대한민국 표준시 : Information : Microsoft.VisualStudio.TestWindow.VSCode.ProjectSystemProvider.Service-RemoteServiceBrokerServer read: Content-Length: 177

{"jsonrpc":"2.0","id":3,"method":"requestServiceChannel","params":[{"name":"Microsoft.ServiceHub.Framework.AuthorizationService"},{"clientCulture":"ko","clientUICulture":"ko"}]}
10/06/2025 07:55:39 대한민국 표준시 : Information : Microsoft.VisualStudio.TestWindow.VSCode.ProjectSystemProvider.Service-RemoteServiceBrokerServer write: Content-Length: 181

{"jsonrpc":"2.0","id":3,"result":{"requestId":"5c819de4-26f6-452e-a986-251d94fef96c","pipeName":"/var/folders/dd/f2k55d550k56jsv4rd7v1_3m0000gn/T/42fbc87a8d7a46d5acd72b2dbb13c671"}}
10/06/2025 07:55:39 대한민국 표준시 : Information : Microsoft.VisualStudio.TestWindow.VSCode.ProjectSystemProvider.Service-RemoteServiceBrokerServer read: Content-Length: 287

{"jsonrpc":"2.0","id":4,"method":"requestServiceChannel","params":[{"name":"Microsoft.VisualStudio.ProjectSystem.Query.Remoting.QueryExecutionService","version":"0.3"},{"clientCulture":"ko","clientUICulture":"ko"}],"traceparent":"00-5110166ab69bb645b7954fc9d3c13174-d9b03fbe379b444b-00"}
10/06/2025 07:55:39 대한민국 표준시 : Information : VsHubClient-hubController write: Content-Length: 368

{"jsonrpc":"2.0","id":15,"method":"requestServiceChannel","params":[{"Name":"Microsoft.VisualStudio.ProjectSystem.Query.Remoting.QueryExecutionService","Version":"0.3"},{"ActivationArguments":{"__servicehub__ServiceHubRemoteServiceBrokerPipeName":"/Users/sebokoh/.ServiceHub/c1bc03c6ed/f06461f491"},"ClientCredentials":{},"ClientCulture":"ko","ClientUICulture":"ko"}]}
10/06/2025 07:55:39 대한민국 표준시 : Information : VsHubClient-hubController read: Content-Length: 165

{"jsonrpc":"2.0","id":15,"result":{"RequestId":"87158f56-d41e-40d9-a58f-2cd66743e700","PipeName":"/Users/sebokoh/.ServiceHub/c1bc03c6ed/55e34a8824","IsEmpty":false}}
10/06/2025 07:55:39 대한민국 표준시 : Information : Microsoft.VisualStudio.TestWindow.VSCode.ProjectSystemProvider.Service-RemoteServiceBrokerServer write: Content-Length: 148

{"jsonrpc":"2.0","id":4,"result":{"requestId":"87158f56-d41e-40d9-a58f-2cd66743e700","pipeName":"/Users/sebokoh/.ServiceHub/c1bc03c6ed/55e34a8824"}}
10/06/2025 07:55:39 대한민국 표준시 : Information : Disposing ServiceBroker server '/Users/sebokoh/.ServiceHub/c1bc03c6ed/f06461f491'.
10/06/2025 07:55:39 대한민국 표준시 : Information : Microsoft.VisualStudio.ProjectSystem.Query.Remoting.QueryExecutionService-RemoteServiceBrokerServer read: Content-Length: 193

{"jsonrpc":"2.0","id":2,"method":"handshake","params":[{"supportedConnections":"IpcPipe","localServiceHost":{"operatingSystem":2,"processArchitecture":1,"runtime":2,"runtimeVersion":"9.0.9"}}]}
10/06/2025 07:55:39 대한민국 표준시 : Information : Microsoft.VisualStudio.ProjectSystem.Query.Remoting.QueryExecutionService-RemoteServiceBrokerServer write: Content-Length: 38

{"jsonrpc":"2.0","id":2,"result":null}
10/06/2025 07:55:39 대한민국 표준시 : Information : Microsoft.VisualStudio.ProjectSystem.Query.Remoting.QueryExecutionService-RemoteServiceBrokerServer read: Content-Length: 177

{"jsonrpc":"2.0","id":3,"method":"requestServiceChannel","params":[{"name":"Microsoft.ServiceHub.Framework.AuthorizationService"},{"clientCulture":"ko","clientUICulture":"ko"}]}
10/06/2025 07:55:39 대한민국 표준시 : Information : Microsoft.VisualStudio.ProjectSystem.Query.Remoting.QueryExecutionService-RemoteServiceBrokerServer write: Content-Length: 181

{"jsonrpc":"2.0","id":3,"result":{"requestId":"499e1367-f997-45e5-bc44-d4923ccc713c","pipeName":"/var/folders/dd/f2k55d550k56jsv4rd7v1_3m0000gn/T/3d7a2491d1684c1bad098d9b2044a48a"}}
10/06/2025 08:06:52 대한민국 표준시 : Information : VsHubClient-hubController write: Content-Length: 328

{"jsonrpc":"2.0","id":16,"method":"requestServiceChannel","params":[{"Name":"Microsoft.VisualStudio.LaunchConfigurationService"},{"ActivationArguments":{"__servicehub__ServiceHubRemoteServiceBrokerPipeName":"/Users/sebokoh/.ServiceHub/c1bc03c6ed/94714584f0"},"ClientCredentials":{},"ClientCulture":"ko","ClientUICulture":"ko"}]}
10/06/2025 08:06:52 대한민국 표준시 : Information : VsHubClient-hubController write: Content-Length: 368

{"jsonrpc":"2.0","id":17,"method":"requestServiceChannel","params":[{"Name":"Microsoft.VisualStudio.ProjectSystem.Query.Remoting.QueryExecutionService","Version":"0.3"},{"ActivationArguments":{"__servicehub__ServiceHubRemoteServiceBrokerPipeName":"/Users/sebokoh/.ServiceHub/c1bc03c6ed/e276a26d45"},"ClientCredentials":{},"ClientCulture":"ko","ClientUICulture":"ko"}]}
10/06/2025 08:06:52 대한민국 표준시 : Information : VsHubClient-hubController read: Content-Length: 165

{"jsonrpc":"2.0","id":16,"result":{"RequestId":"9e769ca5-932d-4f1b-9fd2-34dc8c8b983c","PipeName":"/Users/sebokoh/.ServiceHub/c1bc03c6ed/2ab57abffb","IsEmpty":false}}Content-Length: 165

{"jsonrpc":"2.0","id":17,"result":{"RequestId":"22e4da81-fd99-4a38-b4a0-4b921bce9708","PipeName":"/Users/sebokoh/.ServiceHub/c1bc03c6ed/f18733ef79","IsEmpty":false}}
10/06/2025 08:06:52 대한민국 표준시 : Information : Disposing ServiceBroker server '/Users/sebokoh/.ServiceHub/c1bc03c6ed/94714584f0'.
10/06/2025 08:06:52 대한민국 표준시 : Information : Disposing ServiceBroker server '/Users/sebokoh/.ServiceHub/c1bc03c6ed/e276a26d45'.
10/06/2025 08:06:52 대한민국 표준시 : Information : Microsoft.VisualStudio.LaunchConfigurationService-RemoteServiceBrokerServer read: Content-Length: 193

{"jsonrpc":"2.0","id":2,"method":"handshake","params":[{"supportedConnections":"IpcPipe","localServiceHost":{"operatingSystem":2,"processArchitecture":1,"runtime":2,"runtimeVersion":"9.0.9"}}]}
10/06/2025 08:06:52 대한민국 표준시 : Information : Microsoft.VisualStudio.ProjectSystem.Query.Remoting.QueryExecutionService-RemoteServiceBrokerServer read: Content-Length: 193

{"jsonrpc":"2.0","id":2,"method":"handshake","params":[{"supportedConnections":"IpcPipe","localServiceHost":{"operatingSystem":2,"processArchitecture":1,"runtime":2,"runtimeVersion":"9.0.9"}}]}
10/06/2025 08:06:52 대한민국 표준시 : Information : Microsoft.VisualStudio.ProjectSystem.Query.Remoting.QueryExecutionService-RemoteServiceBrokerServer write: Content-Length: 38

{"jsonrpc":"2.0","id":2,"result":null}
10/06/2025 08:06:52 대한민국 표준시 : Information : Microsoft.VisualStudio.LaunchConfigurationService-RemoteServiceBrokerServer write: Content-Length: 38

{"jsonrpc":"2.0","id":2,"result":null}
10/06/2025 08:06:52 대한민국 표준시 : Information : Microsoft.VisualStudio.ProjectSystem.Query.Remoting.QueryExecutionService-RemoteServiceBrokerServer read: Content-Length: 177

{"jsonrpc":"2.0","id":3,"method":"requestServiceChannel","params":[{"name":"Microsoft.ServiceHub.Framework.AuthorizationService"},{"clientCulture":"ko","clientUICulture":"ko"}]}
10/06/2025 08:06:52 대한민국 표준시 : Information : Microsoft.VisualStudio.LaunchConfigurationService-RemoteServiceBrokerServer read: Content-Length: 177

{"jsonrpc":"2.0","id":3,"method":"requestServiceChannel","params":[{"name":"Microsoft.ServiceHub.Framework.AuthorizationService"},{"clientCulture":"ko","clientUICulture":"ko"}]}
10/06/2025 08:06:52 대한민국 표준시 : Information : Microsoft.VisualStudio.LaunchConfigurationService-RemoteServiceBrokerServer write: Content-Length: 181

{"jsonrpc":"2.0","id":3,"result":{"requestId":"ba842a68-11df-4c8e-a487-f437b8445ebf","pipeName":"/var/folders/dd/f2k55d550k56jsv4rd7v1_3m0000gn/T/903cadbc2a11470daab67b93bef4b4d2"}}
10/06/2025 08:06:52 대한민국 표준시 : Information : Microsoft.VisualStudio.ProjectSystem.Query.Remoting.QueryExecutionService-RemoteServiceBrokerServer write: Content-Length: 181

{"jsonrpc":"2.0","id":3,"result":{"requestId":"24e9b3b0-643c-4271-8a15-555af68add5b","pipeName":"/var/folders/dd/f2k55d550k56jsv4rd7v1_3m0000gn/T/d465bd56445e4e898cedbe24c383af3a"}}
10/06/2025 08:06:54 대한민국 표준시 : Information : VsHubClient-hubController JSON RPC has been disposed
10/06/2025 08:06:54 대한민국 표준시 : Information : Microsoft.VisualStudio.LaunchConfigurationService-RemoteServiceBrokerServer read: end of stream
10/06/2025 08:06:54 대한민국 표준시 : Information : Microsoft.VisualStudio.LaunchConfigurationService-RemoteServiceBrokerServer read: end of stream
10/06/2025 08:06:54 대한민국 표준시 : Information : Microsoft.VisualStudio.ProjectSystem.ProjectInitializationStatusService-RemoteServiceBrokerServer read: end of stream
10/06/2025 08:06:54 대한민국 표준시 : Information : Microsoft.VisualStudio.ProjectSystem.Query.Remoting.QueryExecutionService-RemoteServiceBrokerServer read: end of stream
10/06/2025 08:06:54 대한민국 표준시 : Information : Microsoft.VisualStudio.ProjectSystem.Query.Remoting.QueryExecutionService-RemoteServiceBrokerServer read: end of stream
10/06/2025 08:06:54 대한민국 표준시 : Information : Microsoft.VisualStudio.TestWindow.VSCode.Service-RemoteServiceBrokerServer read: end of stream
10/06/2025 08:06:54 대한민국 표준시 : Information : Microsoft.VisualStudio.ProjectSystem.ProjectInitializationStatusService-RemoteServiceBrokerServer read: end of stream
10/06/2025 08:06:54 대한민국 표준시 : Information : Microsoft.VisualStudio.Maui.UtilService-RemoteServiceBrokerServer read: end of stream
10/06/2025 08:06:54 대한민국 표준시 : Information : Microsoft.VisualStudio.Maui.Devices.AndroidDeviceManager-RemoteServiceBrokerServer read: end of stream
10/06/2025 08:06:54 대한민국 표준시 : Information : VsHubClient-hubController read: end of stream
10/06/2025 08:06:54 대한민국 표준시 : Information : Microsoft.VisualStudio.Maui.ProjectSystem.PropertiesMonitor-RemoteServiceBrokerServer read: end of stream
10/06/2025 08:06:54 대한민국 표준시 : Information : Microsoft.VisualStudio.Maui.Devices.AppleDeviceManager-RemoteServiceBrokerServer read: end of stream
10/06/2025 08:06:54 대한민국 표준시 : Information : Microsoft.VisualStudio.Maui.ProjectSystem.MauiLaunchInformationService-RemoteServiceBrokerServer read: end of stream
10/06/2025 08:06:54 대한민국 표준시 : Information : Microsoft.VisualStudio.TestWindow.VSCode.ProjectSystemProvider.Service-RemoteServiceBrokerServer read: end of stream
