10/06/2025 07:55:31 대한민국 표준시 : Information : Local timezone is (UTC+09:00) 대한민국 표준시 (서울)
10/06/2025 07:55:34 대한민국 표준시 : Information : Service Hub .NET service module host started. Host id: dotnet$C94B8CFE-E3FD-4BAF-A941-2866DBB566FE. Controller pipe: net.pipe://74680C0FC6. PID: 74705
10/06/2025 07:55:34 대한민국 표준시 : Information : hubHostClr read: Content-Length: 159

{"jsonrpc":"2.0","id":2,"method":"InitializeHostAsync","params":[{"EnableExternalAuthorizationService":false,"HostsRootDirectory":".","AppConfigFallback":""}]}
10/06/2025 07:55:35 대한민국 표준시 : Information : hubHostClr write: Content-Length: 79

{"jsonrpc":"2.0","id":2,"result":"dotnet$C94B8CFE-E3FD-4BAF-A941-2866DBB566FE"}
10/06/2025 07:55:35 대한민국 표준시 : Information : hubHostClr read: Content-Length: 1034

{"jsonrpc":"2.0","id":3,"method":"StartServiceAsync","params":[{"name":"Microsoft.VisualStudio.TestWindow.VSCode.Service","host":"dotnet","hostId":"C94B8CFE-E3FD-4BAF-A941-2866DBB566FE","serviceBaseDirectory":"/Users/sebokoh/.vscode/extensions/ms-dotnettools.csdevkit-1.50.51-darwin-x64/components/VSUnitTesting/platforms/darwin-x64/node_modules/@microsoft/visualstudio-testwindow-vscode-service.darwin-x64","entryPoint":{"assemblyPath":"/Users/sebokoh/.vscode/extensions/ms-dotnettools.csdevkit-1.50.51-darwin-x64/components/VSUnitTesting/platforms/darwin-x64/node_modules/@microsoft/visualstudio-testwindow-vscode-service.darwin-x64/Microsoft.VisualStudio.TestWindow.VSCode.Service.dll","fullClassName":"Microsoft.VisualStudio.TestWindow.VSCode.Service.TestWindowVSCodeServiceFactory"}},{"ActivationArguments":{"__servicehub__ServiceHubRemoteServiceBrokerPipeName":"/Users/sebokoh/.ServiceHub/c1bc03c6ed/d918c9485b","__servicehub__RequestedServiceVersion":"0.1"},"ClientCredentials":{},"ClientCulture":"ko","ClientUICulture":"ko"}]}Content-Length: 843

{"jsonrpc":"2.0","id":4,"method":"StartServiceAsync","params":[{"name":"Microsoft.VisualStudio.Maui.UtilService","host":"dotnet","hostId":"C94B8CFE-E3FD-4BAF-A941-2866DBB566FE","serviceBaseDirectory":"/Users/sebokoh/.vscode/extensions/ms-dotnettools.dotnet-maui-1.10.18-darwin-x64/dist/components/MicrosoftVisualStudioMauiDevices","entryPoint":{"assemblyPath":"/Users/sebokoh/.vscode/extensions/ms-dotnettools.dotnet-maui-1.10.18-darwin-x64/dist/components/MicrosoftVisualStudioMauiDevices/Microsoft.VisualStudio.Maui.Devices.dll","fullClassName":"Microsoft.VisualStudio.Maui.UtilServiceFactory"}},{"ActivationArguments":{"__servicehub__ServiceHubRemoteServiceBrokerPipeName":"/Users/sebokoh/.ServiceHub/c1bc03c6ed/bd2c49377e","__servicehub__RequestedServiceVersion":"0.1"},"ClientCredentials":{},"ClientCulture":"ko","ClientUICulture":"ko"}]}
10/06/2025 07:55:35 대한민국 표준시 : Information : CLR host received start request for service 'Microsoft.VisualStudio.TestWindow.VSCode.Service'
10/06/2025 07:55:35 대한민국 표준시 : Information : Loading service module assembly '/Users/sebokoh/.vscode/extensions/ms-dotnettools.csdevkit-1.50.51-darwin-x64/components/VSUnitTesting/platforms/darwin-x64/node_modules/@microsoft/visualstudio-testwindow-vscode-service.darwin-x64/Microsoft.VisualStudio.TestWindow.VSCode.Service.dll' from '/Users/sebokoh/.vscode/extensions/ms-dotnettools.csdevkit-1.50.51-darwin-x64/components/VSUnitTesting/platforms/darwin-x64/node_modules/@microsoft/visualstudio-testwindow-vscode-service.darwin-x64'
10/06/2025 07:55:35 대한민국 표준시 : Information : Starting service module 'Microsoft.VisualStudio.TestWindow.VSCode.Service'. Class: Microsoft.VisualStudio.TestWindow.VSCode.Service.TestWindowVSCodeServiceFactory, Supported Version: 
10/06/2025 07:55:35 대한민국 표준시 : Information : Started service 'Microsoft.VisualStudio.TestWindow.VSCode.Service'. Pipe name: /Users/sebokoh/.ServiceHub/c1bc03c6ed/8df3ae77fa, Supported Version: 
10/06/2025 07:55:35 대한민국 표준시 : Information : CLR host received start request for service 'Microsoft.VisualStudio.Maui.UtilService'
10/06/2025 07:55:35 대한민국 표준시 : Information : hubHostClr write: Content-Length: 84

{"jsonrpc":"2.0","id":3,"result":"/Users/sebokoh/.ServiceHub/c1bc03c6ed/8df3ae77fa"}
10/06/2025 07:55:35 대한민국 표준시 : Information : Loading service module assembly '/Users/sebokoh/.vscode/extensions/ms-dotnettools.dotnet-maui-1.10.18-darwin-x64/dist/components/MicrosoftVisualStudioMauiDevices/Microsoft.VisualStudio.Maui.Devices.dll' from '/Users/sebokoh/.vscode/extensions/ms-dotnettools.dotnet-maui-1.10.18-darwin-x64/dist/components/MicrosoftVisualStudioMauiDevices'
10/06/2025 07:55:35 대한민국 표준시 : Information : Starting service module 'Microsoft.VisualStudio.Maui.UtilService'. Class: Microsoft.VisualStudio.Maui.UtilServiceFactory, Supported Version: 
10/06/2025 07:55:35 대한민국 표준시 : Information : Started service 'Microsoft.VisualStudio.Maui.UtilService'. Pipe name: /Users/sebokoh/.ServiceHub/c1bc03c6ed/8790c6ad61, Supported Version: 
10/06/2025 07:55:35 대한민국 표준시 : Information : hubHostClr write: Content-Length: 84

{"jsonrpc":"2.0","id":4,"result":"/Users/sebokoh/.ServiceHub/c1bc03c6ed/8790c6ad61"}
10/06/2025 07:55:35 대한민국 표준시 : Information : A new client connected to CLR service module 'Microsoft.VisualStudio.TestWindow.VSCode.Service'
10/06/2025 07:55:35 대한민국 표준시 : Information : A new client connected to CLR service module 'Microsoft.VisualStudio.Maui.UtilService'
10/06/2025 07:55:35 대한민국 표준시 : Information : Found FactoryVersion=Version2 for service : Microsoft.VisualStudio.Maui.UtilService.
10/06/2025 07:55:35 대한민국 표준시 : Information : Service 'Microsoft.VisualStudio.Maui.UtilServiceFactory' implements IServiceHubServiceFactory. Creating factory instance and caching it.
10/06/2025 07:55:35 대한민국 표준시 : Information : hubHostClr read: Content-Length: 877

{"jsonrpc":"2.0","id":5,"method":"StartServiceAsync","params":[{"name":"Microsoft.VisualStudio.Maui.Devices.AndroidDeviceManager","host":"dotnet","hostId":"C94B8CFE-E3FD-4BAF-A941-2866DBB566FE","serviceBaseDirectory":"/Users/sebokoh/.vscode/extensions/ms-dotnettools.dotnet-maui-1.10.18-darwin-x64/dist/components/MicrosoftVisualStudioMauiDevices","entryPoint":{"assemblyPath":"/Users/sebokoh/.vscode/extensions/ms-dotnettools.dotnet-maui-1.10.18-darwin-x64/dist/components/MicrosoftVisualStudioMauiDevices/Microsoft.VisualStudio.Maui.Devices.dll","fullClassName":"Microsoft.VisualStudio.Maui.Devices.AndroidDeviceManagerFactory"}},{"ActivationArguments":{"__servicehub__ServiceHubRemoteServiceBrokerPipeName":"/Users/sebokoh/.ServiceHub/c1bc03c6ed/a0e7c103f8","__servicehub__RequestedServiceVersion":"0.1"},"ClientCredentials":{},"ClientCulture":"ko","ClientUICulture":"ko"}]}
10/06/2025 07:55:35 대한민국 표준시 : Information : CLR host received start request for service 'Microsoft.VisualStudio.Maui.Devices.AndroidDeviceManager'
10/06/2025 07:55:35 대한민국 표준시 : Information : Loading service module assembly '/Users/sebokoh/.vscode/extensions/ms-dotnettools.dotnet-maui-1.10.18-darwin-x64/dist/components/MicrosoftVisualStudioMauiDevices/Microsoft.VisualStudio.Maui.Devices.dll' from '/Users/sebokoh/.vscode/extensions/ms-dotnettools.dotnet-maui-1.10.18-darwin-x64/dist/components/MicrosoftVisualStudioMauiDevices'
10/06/2025 07:55:35 대한민국 표준시 : Information : Starting service module 'Microsoft.VisualStudio.Maui.Devices.AndroidDeviceManager'. Class: Microsoft.VisualStudio.Maui.Devices.AndroidDeviceManagerFactory, Supported Version: 
10/06/2025 07:55:35 대한민국 표준시 : Information : Started service 'Microsoft.VisualStudio.Maui.Devices.AndroidDeviceManager'. Pipe name: /Users/sebokoh/.ServiceHub/c1bc03c6ed/059afaffc5, Supported Version: 
10/06/2025 07:55:35 대한민국 표준시 : Information : Creating service Microsoft.VisualStudio.Maui.UtilServiceFactory from factory with FactoryVersion=Version2 and ClientRequestedVersion=0.1.
10/06/2025 07:55:35 대한민국 표준시 : Information : Setting up RPC connection for service 'Microsoft.VisualStudio.Maui.UtilServiceFactory' from factory
10/06/2025 07:55:35 대한민국 표준시 : Information : Found FactoryVersion=Version2 for service : Microsoft.VisualStudio.TestWindow.VSCode.Service.
10/06/2025 07:55:35 대한민국 표준시 : Information : Service 'Microsoft.VisualStudio.TestWindow.VSCode.Service.TestWindowVSCodeServiceFactory' implements IServiceHubServiceFactory. Creating factory instance and caching it.
10/06/2025 07:55:35 대한민국 표준시 : Information : hubHostClr write: Content-Length: 110

{"jsonrpc":"2.0","method":"HostServicesStartedAsync","params":["dotnet$C94B8CFE-E3FD-4BAF-A941-2866DBB566FE"]}
10/06/2025 07:55:35 대한민국 표준시 : Information : hubHostClr write: Content-Length: 84

{"jsonrpc":"2.0","id":5,"result":"/Users/sebokoh/.ServiceHub/c1bc03c6ed/059afaffc5"}
10/06/2025 07:55:35 대한민국 표준시 : Information : A new client connected to CLR service module 'Microsoft.VisualStudio.Maui.Devices.AndroidDeviceManager'
10/06/2025 07:55:35 대한민국 표준시 : Information : Found FactoryVersion=Version2 for service : Microsoft.VisualStudio.Maui.Devices.AndroidDeviceManager.
10/06/2025 07:55:35 대한민국 표준시 : Information : Service 'Microsoft.VisualStudio.Maui.Devices.AndroidDeviceManagerFactory' implements IServiceHubServiceFactory. Creating factory instance and caching it.
10/06/2025 07:55:35 대한민국 표준시 : Information : hubHostClr read: Content-Length: 873

{"jsonrpc":"2.0","id":6,"method":"StartServiceAsync","params":[{"name":"Microsoft.VisualStudio.Maui.Devices.AppleDeviceManager","host":"dotnet","hostId":"C94B8CFE-E3FD-4BAF-A941-2866DBB566FE","serviceBaseDirectory":"/Users/sebokoh/.vscode/extensions/ms-dotnettools.dotnet-maui-1.10.18-darwin-x64/dist/components/MicrosoftVisualStudioMauiDevices","entryPoint":{"assemblyPath":"/Users/sebokoh/.vscode/extensions/ms-dotnettools.dotnet-maui-1.10.18-darwin-x64/dist/components/MicrosoftVisualStudioMauiDevices/Microsoft.VisualStudio.Maui.Devices.dll","fullClassName":"Microsoft.VisualStudio.Maui.Devices.AppleDeviceManagerFactory"}},{"ActivationArguments":{"__servicehub__ServiceHubRemoteServiceBrokerPipeName":"/Users/sebokoh/.ServiceHub/c1bc03c6ed/70dbe0fd4d","__servicehub__RequestedServiceVersion":"0.1"},"ClientCredentials":{},"ClientCulture":"ko","ClientUICulture":"ko"}]}
10/06/2025 07:55:35 대한민국 표준시 : Information : CLR host received start request for service 'Microsoft.VisualStudio.Maui.Devices.AppleDeviceManager'
10/06/2025 07:55:35 대한민국 표준시 : Information : Loading service module assembly '/Users/sebokoh/.vscode/extensions/ms-dotnettools.dotnet-maui-1.10.18-darwin-x64/dist/components/MicrosoftVisualStudioMauiDevices/Microsoft.VisualStudio.Maui.Devices.dll' from '/Users/sebokoh/.vscode/extensions/ms-dotnettools.dotnet-maui-1.10.18-darwin-x64/dist/components/MicrosoftVisualStudioMauiDevices'
10/06/2025 07:55:36 대한민국 표준시 : Information : Starting service module 'Microsoft.VisualStudio.Maui.Devices.AppleDeviceManager'. Class: Microsoft.VisualStudio.Maui.Devices.AppleDeviceManagerFactory, Supported Version: 
10/06/2025 07:55:36 대한민국 표준시 : Information : Started service 'Microsoft.VisualStudio.Maui.Devices.AppleDeviceManager'. Pipe name: /Users/sebokoh/.ServiceHub/c1bc03c6ed/35a924a510, Supported Version: 
10/06/2025 07:55:36 대한민국 표준시 : Information : hubHostClr write: Content-Length: 84

{"jsonrpc":"2.0","id":6,"result":"/Users/sebokoh/.ServiceHub/c1bc03c6ed/35a924a510"}
10/06/2025 07:55:36 대한민국 표준시 : Information : Creating service Microsoft.VisualStudio.TestWindow.VSCode.Service.TestWindowVSCodeServiceFactory from factory with FactoryVersion=Version2 and ClientRequestedVersion=0.1.
10/06/2025 07:55:36 대한민국 표준시 : Information : Setting up RPC connection for service 'Microsoft.VisualStudio.TestWindow.VSCode.Service.TestWindowVSCodeServiceFactory' from factory
10/06/2025 07:55:36 대한민국 표준시 : Information : Failed to find static method for retrieving an internal AuthorizationServiceClient.
10/06/2025 07:55:36 대한민국 표준시 : Information : A new client connected to CLR service module 'Microsoft.VisualStudio.Maui.Devices.AppleDeviceManager'
10/06/2025 07:55:36 대한민국 표준시 : Information : Found FactoryVersion=Version2 for service : Microsoft.VisualStudio.Maui.Devices.AppleDeviceManager.
10/06/2025 07:55:36 대한민국 표준시 : Information : Service 'Microsoft.VisualStudio.Maui.Devices.AppleDeviceManagerFactory' implements IServiceHubServiceFactory. Creating factory instance and caching it.
10/06/2025 07:55:36 대한민국 표준시 : Information : hubHostClr read: Content-Length: 901

{"jsonrpc":"2.0","id":7,"method":"StartServiceAsync","params":[{"name":"Microsoft.VisualStudio.Maui.ProjectSystem.PropertiesMonitor","host":"dotnet","hostId":"C94B8CFE-E3FD-4BAF-A941-2866DBB566FE","serviceBaseDirectory":"/Users/sebokoh/.vscode/extensions/ms-dotnettools.dotnet-maui-1.10.18-darwin-x64/dist/components/MicrosoftVisualStudioMauiProjectSystem","entryPoint":{"assemblyPath":"/Users/sebokoh/.vscode/extensions/ms-dotnettools.dotnet-maui-1.10.18-darwin-x64/dist/components/MicrosoftVisualStudioMauiProjectSystem/Microsoft.VisualStudio.Maui.ProjectSystem.dll","fullClassName":"Microsoft.VisualStudio.Maui.ProjectSystem.PropertiesMonitorFactory"}},{"ActivationArguments":{"__servicehub__ServiceHubRemoteServiceBrokerPipeName":"/Users/sebokoh/.ServiceHub/c1bc03c6ed/00523e7bd4","__servicehub__RequestedServiceVersion":"0.1"},"ClientCredentials":{},"ClientCulture":"ko","ClientUICulture":"ko"}]}
10/06/2025 07:55:36 대한민국 표준시 : Information : CLR host received start request for service 'Microsoft.VisualStudio.Maui.ProjectSystem.PropertiesMonitor'
10/06/2025 07:55:36 대한민국 표준시 : Information : Loading service module assembly '/Users/sebokoh/.vscode/extensions/ms-dotnettools.dotnet-maui-1.10.18-darwin-x64/dist/components/MicrosoftVisualStudioMauiProjectSystem/Microsoft.VisualStudio.Maui.ProjectSystem.dll' from '/Users/sebokoh/.vscode/extensions/ms-dotnettools.dotnet-maui-1.10.18-darwin-x64/dist/components/MicrosoftVisualStudioMauiProjectSystem'
10/06/2025 07:55:36 대한민국 표준시 : Information : Starting service module 'Microsoft.VisualStudio.Maui.ProjectSystem.PropertiesMonitor'. Class: Microsoft.VisualStudio.Maui.ProjectSystem.PropertiesMonitorFactory, Supported Version: 
10/06/2025 07:55:36 대한민국 표준시 : Information : Started service 'Microsoft.VisualStudio.Maui.ProjectSystem.PropertiesMonitor'. Pipe name: /Users/sebokoh/.ServiceHub/c1bc03c6ed/1f230ce548, Supported Version: 
10/06/2025 07:55:36 대한민국 표준시 : Information : hubHostClr write: Content-Length: 84

{"jsonrpc":"2.0","id":7,"result":"/Users/sebokoh/.ServiceHub/c1bc03c6ed/1f230ce548"}
10/06/2025 07:55:36 대한민국 표준시 : Information : Creating service Microsoft.VisualStudio.Maui.Devices.AndroidDeviceManagerFactory from factory with FactoryVersion=Version2 and ClientRequestedVersion=0.1.
10/06/2025 07:55:36 대한민국 표준시 : Information : Failed to find static method for retrieving an internal AuthorizationServiceClient.
10/06/2025 07:55:36 대한민국 표준시 : Information : Setting up RPC connection for service 'Microsoft.VisualStudio.Maui.Devices.AndroidDeviceManagerFactory' from factory
10/06/2025 07:55:36 대한민국 표준시 : Information : Failed to find static method for retrieving an internal AuthorizationServiceClient.
10/06/2025 07:55:36 대한민국 표준시 : Information : A new client connected to CLR service module 'Microsoft.VisualStudio.Maui.ProjectSystem.PropertiesMonitor'
10/06/2025 07:55:36 대한민국 표준시 : Information : Found FactoryVersion=Version2 for service : Microsoft.VisualStudio.Maui.ProjectSystem.PropertiesMonitor.
10/06/2025 07:55:36 대한민국 표준시 : Information : Service 'Microsoft.VisualStudio.Maui.ProjectSystem.PropertiesMonitorFactory' implements IServiceHubServiceFactory. Creating factory instance and caching it.
10/06/2025 07:55:36 대한민국 표준시 : Information : hubHostClr read: Content-Length: 923

{"jsonrpc":"2.0","id":8,"method":"StartServiceAsync","params":[{"name":"Microsoft.VisualStudio.Maui.ProjectSystem.MauiLaunchInformationService","host":"dotnet","hostId":"C94B8CFE-E3FD-4BAF-A941-2866DBB566FE","serviceBaseDirectory":"/Users/sebokoh/.vscode/extensions/ms-dotnettools.dotnet-maui-1.10.18-darwin-x64/dist/components/MicrosoftVisualStudioMauiProjectSystem","entryPoint":{"assemblyPath":"/Users/sebokoh/.vscode/extensions/ms-dotnettools.dotnet-maui-1.10.18-darwin-x64/dist/components/MicrosoftVisualStudioMauiProjectSystem/Microsoft.VisualStudio.Maui.ProjectSystem.dll","fullClassName":"Microsoft.VisualStudio.Maui.ProjectSystem.MauiLaunchInformationServiceFactory"}},{"ActivationArguments":{"__servicehub__ServiceHubRemoteServiceBrokerPipeName":"/Users/sebokoh/.ServiceHub/c1bc03c6ed/017b2b4739","__servicehub__RequestedServiceVersion":"0.1"},"ClientCredentials":{},"ClientCulture":"ko","ClientUICulture":"ko"}]}
10/06/2025 07:55:36 대한민국 표준시 : Information : CLR host received start request for service 'Microsoft.VisualStudio.Maui.ProjectSystem.MauiLaunchInformationService'
10/06/2025 07:55:36 대한민국 표준시 : Information : Loading service module assembly '/Users/sebokoh/.vscode/extensions/ms-dotnettools.dotnet-maui-1.10.18-darwin-x64/dist/components/MicrosoftVisualStudioMauiProjectSystem/Microsoft.VisualStudio.Maui.ProjectSystem.dll' from '/Users/sebokoh/.vscode/extensions/ms-dotnettools.dotnet-maui-1.10.18-darwin-x64/dist/components/MicrosoftVisualStudioMauiProjectSystem'
10/06/2025 07:55:36 대한민국 표준시 : Information : Starting service module 'Microsoft.VisualStudio.Maui.ProjectSystem.MauiLaunchInformationService'. Class: Microsoft.VisualStudio.Maui.ProjectSystem.MauiLaunchInformationServiceFactory, Supported Version: 
10/06/2025 07:55:36 대한민국 표준시 : Information : Started service 'Microsoft.VisualStudio.Maui.ProjectSystem.MauiLaunchInformationService'. Pipe name: /Users/sebokoh/.ServiceHub/c1bc03c6ed/12ab861907, Supported Version: 
10/06/2025 07:55:36 대한민국 표준시 : Information : Creating service Microsoft.VisualStudio.Maui.Devices.AppleDeviceManagerFactory from factory with FactoryVersion=Version2 and ClientRequestedVersion=0.1.
10/06/2025 07:55:36 대한민국 표준시 : Information : Setting up RPC connection for service 'Microsoft.VisualStudio.Maui.Devices.AppleDeviceManagerFactory' from factory
10/06/2025 07:55:36 대한민국 표준시 : Information : Failed to find static method for retrieving an internal AuthorizationServiceClient.
10/06/2025 07:55:36 대한민국 표준시 : Information : hubHostClr write: Content-Length: 84

{"jsonrpc":"2.0","id":8,"result":"/Users/sebokoh/.ServiceHub/c1bc03c6ed/12ab861907"}
10/06/2025 07:55:36 대한민국 표준시 : Information : A new client connected to CLR service module 'Microsoft.VisualStudio.Maui.ProjectSystem.MauiLaunchInformationService'
10/06/2025 07:55:36 대한민국 표준시 : Information : Found FactoryVersion=Version2 for service : Microsoft.VisualStudio.Maui.ProjectSystem.MauiLaunchInformationService.
10/06/2025 07:55:36 대한민국 표준시 : Information : Service 'Microsoft.VisualStudio.Maui.ProjectSystem.MauiLaunchInformationServiceFactory' implements IServiceHubServiceFactory. Creating factory instance and caching it.
10/06/2025 07:55:36 대한민국 표준시 : Information : Creating service Microsoft.VisualStudio.Maui.ProjectSystem.PropertiesMonitorFactory from factory with FactoryVersion=Version2 and ClientRequestedVersion=0.1.
10/06/2025 07:55:36 대한민국 표준시 : Information : Setting up RPC connection for service 'Microsoft.VisualStudio.Maui.ProjectSystem.PropertiesMonitorFactory' from factory
10/06/2025 07:55:36 대한민국 표준시 : Information : Failed to find static method for retrieving an internal AuthorizationServiceClient.
10/06/2025 07:55:36 대한민국 표준시 : Information : Creating service Microsoft.VisualStudio.Maui.ProjectSystem.MauiLaunchInformationServiceFactory from factory with FactoryVersion=Version2 and ClientRequestedVersion=0.1.
10/06/2025 07:55:36 대한민국 표준시 : Information : Setting up RPC connection for service 'Microsoft.VisualStudio.Maui.ProjectSystem.MauiLaunchInformationServiceFactory' from factory
10/06/2025 07:55:36 대한민국 표준시 : Information : Failed to find static method for retrieving an internal AuthorizationServiceClient.
10/06/2025 07:55:36 대한민국 표준시 : Information : Completed RPC connection setup for service 'Microsoft.VisualStudio.Maui.Devices.AppleDeviceManagerFactory' from factory
10/06/2025 07:55:37 대한민국 표준시 : Information : Completed RPC connection setup for service 'Microsoft.VisualStudio.Maui.UtilServiceFactory' from factory
10/06/2025 07:55:37 대한민국 표준시 : Information : Completed RPC connection setup for service 'Microsoft.VisualStudio.Maui.Devices.AndroidDeviceManagerFactory' from factory
10/06/2025 07:55:37 대한민국 표준시 : Information : Completed RPC connection setup for service 'Microsoft.VisualStudio.Maui.ProjectSystem.PropertiesMonitorFactory' from factory
10/06/2025 07:55:37 대한민국 표준시 : Information : Completed RPC connection setup for service 'Microsoft.VisualStudio.Maui.ProjectSystem.MauiLaunchInformationServiceFactory' from factory
10/06/2025 07:55:37 대한민국 표준시 : Information : Completed RPC connection setup for service 'Microsoft.VisualStudio.TestWindow.VSCode.Service.TestWindowVSCodeServiceFactory' from factory
10/06/2025 07:55:38 대한민국 표준시 : Information : hubHostClr read: Content-Length: 1083

{"jsonrpc":"2.0","id":9,"method":"StartServiceAsync","params":[{"name":"Microsoft.VisualStudio.TestWindow.VSCode.ProjectSystemProvider.Service","host":"dotnet","hostId":"C94B8CFE-E3FD-4BAF-A941-2866DBB566FE","serviceBaseDirectory":"/Users/sebokoh/.vscode/extensions/ms-dotnettools.csdevkit-1.50.51-darwin-x64/components/VSUnitTesting/platforms/darwin-x64/node_modules/@microsoft/visualstudio-testwindow-vscode-service.darwin-x64","entryPoint":{"assemblyPath":"/Users/sebokoh/.vscode/extensions/ms-dotnettools.csdevkit-1.50.51-darwin-x64/components/VSUnitTesting/platforms/darwin-x64/node_modules/@microsoft/visualstudio-testwindow-vscode-service.darwin-x64/Microsoft.VisualStudio.TestWindow.VSCode.Service.dll","fullClassName":"Microsoft.VisualStudio.TestWindow.VSCode.ProjectSystemProvider.Service.ProjectSystemProviderServiceFactory"}},{"ActivationArguments":{"__servicehub__ServiceHubRemoteServiceBrokerPipeName":"/Users/sebokoh/.ServiceHub/c1bc03c6ed/97dc19a4a5","__servicehub__RequestedServiceVersion":"0.1"},"ClientCredentials":{},"ClientCulture":"ko","ClientUICulture":"ko"}]}
10/06/2025 07:55:38 대한민국 표준시 : Information : CLR host received start request for service 'Microsoft.VisualStudio.TestWindow.VSCode.ProjectSystemProvider.Service'
10/06/2025 07:55:38 대한민국 표준시 : Information : Loading service module assembly '/Users/sebokoh/.vscode/extensions/ms-dotnettools.csdevkit-1.50.51-darwin-x64/components/VSUnitTesting/platforms/darwin-x64/node_modules/@microsoft/visualstudio-testwindow-vscode-service.darwin-x64/Microsoft.VisualStudio.TestWindow.VSCode.Service.dll' from '/Users/sebokoh/.vscode/extensions/ms-dotnettools.csdevkit-1.50.51-darwin-x64/components/VSUnitTesting/platforms/darwin-x64/node_modules/@microsoft/visualstudio-testwindow-vscode-service.darwin-x64'
10/06/2025 07:55:38 대한민국 표준시 : Information : Starting service module 'Microsoft.VisualStudio.TestWindow.VSCode.ProjectSystemProvider.Service'. Class: Microsoft.VisualStudio.TestWindow.VSCode.ProjectSystemProvider.Service.ProjectSystemProviderServiceFactory, Supported Version: 
10/06/2025 07:55:38 대한민국 표준시 : Information : Started service 'Microsoft.VisualStudio.TestWindow.VSCode.ProjectSystemProvider.Service'. Pipe name: /Users/sebokoh/.ServiceHub/c1bc03c6ed/39f2f031bf, Supported Version: 
10/06/2025 07:55:38 대한민국 표준시 : Information : hubHostClr write: Content-Length: 84

{"jsonrpc":"2.0","id":9,"result":"/Users/sebokoh/.ServiceHub/c1bc03c6ed/39f2f031bf"}
10/06/2025 07:55:38 대한민국 표준시 : Information : A new client connected to CLR service module 'Microsoft.VisualStudio.TestWindow.VSCode.ProjectSystemProvider.Service'
10/06/2025 07:55:38 대한민국 표준시 : Information : Found FactoryVersion=Version2 for service : Microsoft.VisualStudio.TestWindow.VSCode.ProjectSystemProvider.Service.
10/06/2025 07:55:38 대한민국 표준시 : Information : Service 'Microsoft.VisualStudio.TestWindow.VSCode.ProjectSystemProvider.Service.ProjectSystemProviderServiceFactory' implements IServiceHubServiceFactory. Creating factory instance and caching it.
10/06/2025 07:55:38 대한민국 표준시 : Information : Creating service Microsoft.VisualStudio.TestWindow.VSCode.ProjectSystemProvider.Service.ProjectSystemProviderServiceFactory from factory with FactoryVersion=Version2 and ClientRequestedVersion=0.1.
10/06/2025 07:55:38 대한민국 표준시 : Information : Setting up RPC connection for service 'Microsoft.VisualStudio.TestWindow.VSCode.ProjectSystemProvider.Service.ProjectSystemProviderServiceFactory' from factory
10/06/2025 07:55:38 대한민국 표준시 : Information : Failed to find static method for retrieving an internal AuthorizationServiceClient.
10/06/2025 07:55:39 대한민국 표준시 : Information : Completed RPC connection setup for service 'Microsoft.VisualStudio.TestWindow.VSCode.ProjectSystemProvider.Service.ProjectSystemProviderServiceFactory' from factory
10/06/2025 08:06:54 대한민국 표준시 : Information : Checking if 'Microsoft.VisualStudio.TestWindow.VSCode.Service.TestWindowVSCodeServiceFactory' implements Microsoft.VisualStudio.Threading.IAsyncDisposable.
10/06/2025 08:06:54 대한민국 표준시 : Information : Checking if 'Microsoft.VisualStudio.TestWindow.VSCode.Service.TestWindowVSCodeServiceFactory' implements System.IAsyncDisposable.
10/06/2025 08:06:54 대한민국 표준시 : Information : Checking if 'Microsoft.VisualStudio.TestWindow.VSCode.Service.TestWindowVSCodeServiceFactory' implements System.IDisposable.
10/06/2025 08:06:54 대한민국 표준시 : Information : Checking if 'Microsoft.VisualStudio.Maui.UtilServiceFactory' implements Microsoft.VisualStudio.Threading.IAsyncDisposable.
10/06/2025 08:06:54 대한민국 표준시 : Information : Checking if 'Microsoft.VisualStudio.Maui.UtilServiceFactory' implements System.IAsyncDisposable.
10/06/2025 08:06:54 대한민국 표준시 : Information : Checking if 'Microsoft.VisualStudio.Maui.UtilServiceFactory' implements System.IDisposable.
10/06/2025 08:06:54 대한민국 표준시 : Information : Checking if 'Microsoft.VisualStudio.Maui.Devices.AndroidDeviceManagerFactory' implements Microsoft.VisualStudio.Threading.IAsyncDisposable.
10/06/2025 08:06:54 대한민국 표준시 : Information : Checking if 'Microsoft.VisualStudio.Maui.Devices.AndroidDeviceManagerFactory' implements System.IAsyncDisposable.
10/06/2025 08:06:54 대한민국 표준시 : Information : Checking if 'Microsoft.VisualStudio.Maui.Devices.AndroidDeviceManagerFactory' implements System.IDisposable.
10/06/2025 08:06:54 대한민국 표준시 : Information : Checking if 'Microsoft.VisualStudio.Maui.ProjectSystem.PropertiesMonitorFactory' implements Microsoft.VisualStudio.Threading.IAsyncDisposable.
10/06/2025 08:06:54 대한민국 표준시 : Information : Checking if 'Microsoft.VisualStudio.Maui.ProjectSystem.PropertiesMonitorFactory' implements System.IAsyncDisposable.
10/06/2025 08:06:54 대한민국 표준시 : Information : Checking if 'Microsoft.VisualStudio.Maui.ProjectSystem.PropertiesMonitorFactory' implements System.IDisposable.
10/06/2025 08:06:54 대한민국 표준시 : Information : Checking if 'Microsoft.VisualStudio.Maui.Devices.AppleDeviceManagerFactory' implements Microsoft.VisualStudio.Threading.IAsyncDisposable.
10/06/2025 08:06:54 대한민국 표준시 : Information : Checking if 'Microsoft.VisualStudio.Maui.Devices.AppleDeviceManagerFactory' implements System.IAsyncDisposable.
10/06/2025 08:06:54 대한민국 표준시 : Information : Checking if 'Microsoft.VisualStudio.Maui.Devices.AppleDeviceManagerFactory' implements System.IDisposable.
10/06/2025 08:06:54 대한민국 표준시 : Information : Checking if 'Microsoft.VisualStudio.Maui.ProjectSystem.MauiLaunchInformationServiceFactory' implements Microsoft.VisualStudio.Threading.IAsyncDisposable.
10/06/2025 08:06:54 대한민국 표준시 : Information : Checking if 'Microsoft.VisualStudio.Maui.ProjectSystem.MauiLaunchInformationServiceFactory' implements System.IAsyncDisposable.
10/06/2025 08:06:54 대한민국 표준시 : Information : Checking if 'Microsoft.VisualStudio.Maui.ProjectSystem.MauiLaunchInformationServiceFactory' implements System.IDisposable.
10/06/2025 08:06:54 대한민국 표준시 : Information : hubHostClr write: Content-Length: 108

{"jsonrpc":"2.0","method":"HostServicesEndedAsync","params":["dotnet$C94B8CFE-E3FD-4BAF-A941-2866DBB566FE"]}
10/06/2025 08:06:54 대한민국 표준시 : Information : Checking if 'Microsoft.VisualStudio.TestWindow.VSCode.ProjectSystemProvider.Service.ProjectSystemProviderServiceFactory' implements Microsoft.VisualStudio.Threading.IAsyncDisposable.
10/06/2025 08:06:54 대한민국 표준시 : Information : Checking if 'Microsoft.VisualStudio.TestWindow.VSCode.ProjectSystemProvider.Service.ProjectSystemProviderServiceFactory' implements System.IAsyncDisposable.
10/06/2025 08:06:54 대한민국 표준시 : Information : Checking if 'Microsoft.VisualStudio.TestWindow.VSCode.ProjectSystemProvider.Service.ProjectSystemProviderServiceFactory' implements System.IDisposable.
10/06/2025 08:06:54 대한민국 표준시 : Information : hubHostClr read: end of stream
10/06/2025 08:06:54 대한민국 표준시 : Error : Disconnected hubHostClr RemotePartyTerminated error: : 스트림 끝에 도달했습니다. at 
10/06/2025 08:06:54 대한민국 표준시 : Error : Controller callback pipe is connected: 'False'
    Controller callback pipe has reached the end: 'True'
    Controller callback pipe has been disposed: 'False'
    JsonRpc object is disposed: 'False'
    MessageHandler is disposed: 'False'
    Reason: 'RemotePartyTerminated'
    Description: '스트림 끝에 도달했습니다.'
    Host is disposed: 'False'

