10/06/2025 11:50:35 대한민국 표준시 : Information : Local timezone is (UTC+09:00) 대한민국 표준시 (서울)
10/06/2025 11:50:35 대한민국 표준시 : Information : Started controller with command line /Users/sebokoh/.vscode/extensions/ms-dotnettools.csdevkit-1.50.51-darwin-x64/components/vs-green-server/platforms/darwin-x64/node_modules/@microsoft/visualstudio-controller.darwin-x64/Microsoft.VisualStudio.Code.ServiceController 3f2c225c61 /ControllerCooldownTimeout:30000 /TelemetrySession:{"TelemetryLevel":"all","IsOptedIn":false,"HostName":"Default","AppInsightsInstrumentationKey":null,"AsimovInstrumentationKey":null,"CollectorApiKey":"0c6ae279ed8443289764825290e4f9e2-1a736e7c-1324-4338-be46-fc2a58ae4d14-7255","AppId":1010,"UserId":"743e39b8-c9ae-423c-9198-3fbe9fa29cd0","Id":"38f7dc36-3084-484e-a7d6-8cf02b27d3ea1759718921982","ProcessStartTime":134041926114065580,"SkuName":null,"VSExeVersion":null,"BucketFiltersToEnableWatsonForFaults":[],"BucketFiltersToAddDumpsToFaults":[]}
10/06/2025 11:50:40 대한민국 표준시 : Information : Acquiring single controller instance mutex with name '-1384947724-ServiceHubControllerSingleInstanceMutex'
10/06/2025 11:50:40 대한민국 표준시 : Information : Acquired single controller instance mutex with name '-1384947724-ServiceHubControllerSingleInstanceMutex'
10/06/2025 11:50:40 대한민국 표준시 : Information : Controller cooldown timeout is set to 30000ms
10/06/2025 11:50:40 대한민국 표준시 : Information : Starting server 'hubController' at 'net.pipe://3f2c225c61' (at '/Users/sebokoh/.ServiceHub/3f2c225c61/3f2c225c61').
10/06/2025 11:50:40 대한민국 표준시 : Information : Successfully started server on pipe 3f2c225c61
10/06/2025 11:50:40 대한민국 표준시 : Information : Triggered controller shutdown timer process.
10/06/2025 11:50:40 대한민국 표준시 : Information : Client connected to controller
10/06/2025 11:50:40 대한민국 표준시 : Information : Client connected to controller
10/06/2025 11:50:40 대한민국 표준시 : Information : Microsoft.ServiceHub.Controller.HubController read: end of stream
10/06/2025 11:50:40 대한민국 표준시 : Information : JsonRpc disconnected due to RemotePartyTerminated. 스트림 끝에 도달했습니다.
10/06/2025 11:50:40 대한민국 표준시 : Information : Client connected to controller
10/06/2025 11:50:40 대한민국 표준시 : Information : Microsoft.ServiceHub.Controller.HubController read: end of stream
10/06/2025 11:50:40 대한민국 표준시 : Information : JsonRpc disconnected due to RemotePartyTerminated. 스트림 끝에 도달했습니다.
10/06/2025 11:50:40 대한민국 표준시 : Information : Microsoft.ServiceHub.Controller.HubController read: Content-Length: 109

{"jsonrpc":"2.0","id":2,"method":"UpdateClientInfoAsync","params":[{"clientName":"VsHubClient","pid":14443}]}
10/06/2025 11:50:41 대한민국 표준시 : Information : Starting server 'clientWatch' at 'net.pipe://14503F02FC' (at '/Users/sebokoh/.ServiceHub/3f2c225c61/14503F02FC').
10/06/2025 11:50:41 대한민국 표준시 : Information : Microsoft.ServiceHub.Controller.HubController write: Content-Length: 491

{"jsonrpc":"2.0","id":2,"result":{"ClientWatchServerName":"net.pipe://14503F02FC","ControllerConfig":{"Executable":"/Users/sebokoh/.vscode/extensions/ms-dotnettools.csdevkit-1.50.51-darwin-x64/components/vs-green-server/platforms/darwin-x64/node_modules/@microsoft/visualstudio-controller.darwin-x64/Microsoft.VisualStudio.Code.ServiceController","Args":["3f2c225c61"],"PipeName":"3f2c225c61"},"HostsConfig":{"EnableExternalAuthorizationService":false,"RootDir":".","AppConfigFallback":""}}}
10/06/2025 11:50:41 대한민국 표준시 : Information : External client connect to client watch
10/06/2025 11:56:51 대한민국 표준시 : Information : Microsoft.ServiceHub.Controller.HubController read: end of stream
10/06/2025 11:56:51 대한민국 표준시 : Information : JsonRpc disconnected due to RemotePartyTerminated. 스트림 끝에 도달했습니다.
10/06/2025 11:56:55 대한민국 표준시 : Information : External client disconnected from client watch.
10/06/2025 11:56:55 대한민국 표준시 : Information : Starting fast shutdown
10/06/2025 11:56:55 대한민국 표준시 : Information : Exiting hub controller.
10/06/2025 11:56:55 대한민국 표준시 : Information : Controller terminating with exit code '0'.
10/06/2025 11:56:55 대한민국 표준시 : Information : Releasing single controller instance mutex.
